[2024-05-26 16:32:54,538] {taskinstance.py:851} INFO - Dependencies all met for <TaskInstance: get_new_data.scrap_cnn 2024-05-25T00:00:00+00:00 [queued]>
[2024-05-26 16:32:54,548] {taskinstance.py:851} INFO - Dependencies all met for <TaskInstance: get_new_data.scrap_cnn 2024-05-25T00:00:00+00:00 [queued]>
[2024-05-26 16:32:54,550] {taskinstance.py:1042} INFO - 
--------------------------------------------------------------------------------
[2024-05-26 16:32:54,550] {taskinstance.py:1043} INFO - Starting attempt 1 of 6
[2024-05-26 16:32:54,550] {taskinstance.py:1044} INFO - 
--------------------------------------------------------------------------------
[2024-05-26 16:32:54,561] {taskinstance.py:1063} INFO - Executing <Task(PythonOperator): scrap_cnn> on 2024-05-25T00:00:00+00:00
[2024-05-26 16:32:54,564] {standard_task_runner.py:52} INFO - Started process 187 to run task
[2024-05-26 16:32:54,568] {standard_task_runner.py:76} INFO - Running: ['airflow', 'tasks', 'run', 'get_new_data', 'scrap_cnn', '2024-05-25T00:00:00+00:00', '--job-id', '187', '--pool', 'default_pool', '--raw', '--subdir', 'DAGS_FOLDER/get_new_data.py', '--cfg-path', '/tmp/tmpd_mwn6kr', '--error-file', '/tmp/tmpox78k761']
[2024-05-26 16:32:54,572] {standard_task_runner.py:77} INFO - Job 187: Subtask scrap_cnn
[2024-05-26 16:32:54,608] {logging_mixin.py:104} INFO - Running <TaskInstance: get_new_data.scrap_cnn 2024-05-25T00:00:00+00:00 [running]> on host 6a7718113559
[2024-05-26 16:32:54,655] {taskinstance.py:1257} INFO - Exporting the following env vars:
AIRFLOW_CTX_DAG_OWNER=airflow
AIRFLOW_CTX_DAG_ID=get_new_data
AIRFLOW_CTX_TASK_ID=scrap_cnn
AIRFLOW_CTX_EXECUTION_DATE=2024-05-25T00:00:00+00:00
AIRFLOW_CTX_DAG_RUN_ID=scheduled__2024-05-25T00:00:00+00:00
[2024-05-26 16:35:08,897] {local_task_job.py:77} ERROR - Received SIGTERM. Terminating subprocesses
[2024-05-26 16:35:09,108] {process_utils.py:100} INFO - Sending Signals.SIGTERM to GPID 187
[2024-05-26 16:35:09,134] {taskinstance.py:1239} ERROR - Received SIGTERM. Terminating subprocesses.
[2024-05-26 16:35:09,211] {logging_mixin.py:104} WARNING - --- Logging error ---
[2024-05-26 16:35:09,260] {logging_mixin.py:104} WARNING - Traceback (most recent call last):
[2024-05-26 16:35:09,264] {logging_mixin.py:104} WARNING -   File "/home/airflow/.local/lib/python3.6/site-packages/urllib3/connectionpool.py", line 677, in urlopen
    chunked=chunked,
[2024-05-26 16:35:09,267] {logging_mixin.py:104} WARNING -   File "/home/airflow/.local/lib/python3.6/site-packages/urllib3/connectionpool.py", line 426, in _make_request
    six.raise_from(e, None)
[2024-05-26 16:35:09,275] {logging_mixin.py:104} WARNING -   File "<string>", line 3, in raise_from
[2024-05-26 16:35:09,282] {logging_mixin.py:104} WARNING -   File "/home/airflow/.local/lib/python3.6/site-packages/urllib3/connectionpool.py", line 421, in _make_request
    httplib_response = conn.getresponse()
[2024-05-26 16:35:09,289] {logging_mixin.py:104} WARNING -   File "/usr/local/lib/python3.6/http/client.py", line 1383, in getresponse
    response.begin()
[2024-05-26 16:35:09,304] {logging_mixin.py:104} WARNING -   File "/usr/local/lib/python3.6/http/client.py", line 320, in begin
    version, status, reason = self._read_status()
[2024-05-26 16:35:09,314] {logging_mixin.py:104} WARNING -   File "/usr/local/lib/python3.6/http/client.py", line 289, in _read_status
    raise RemoteDisconnected("Remote end closed connection without"
[2024-05-26 16:35:09,317] {logging_mixin.py:104} WARNING - http.client.RemoteDisconnected: Remote end closed connection without response
[2024-05-26 16:35:09,323] {logging_mixin.py:104} WARNING - 
During handling of the above exception, another exception occurred:
[2024-05-26 16:35:09,327] {logging_mixin.py:104} WARNING - Traceback (most recent call last):
[2024-05-26 16:35:09,329] {logging_mixin.py:104} WARNING -   File "/home/airflow/.local/lib/python3.6/site-packages/requests/adapters.py", line 449, in send
    timeout=timeout
[2024-05-26 16:35:09,333] {logging_mixin.py:104} WARNING -   File "/home/airflow/.local/lib/python3.6/site-packages/urllib3/connectionpool.py", line 727, in urlopen
    method, url, error=e, _pool=self, _stacktrace=sys.exc_info()[2]
[2024-05-26 16:35:09,336] {logging_mixin.py:104} WARNING -   File "/home/airflow/.local/lib/python3.6/site-packages/urllib3/util/retry.py", line 410, in increment
    raise six.reraise(type(error), error, _stacktrace)
[2024-05-26 16:35:09,343] {logging_mixin.py:104} WARNING -   File "/home/airflow/.local/lib/python3.6/site-packages/urllib3/packages/six.py", line 734, in reraise
    raise value.with_traceback(tb)
[2024-05-26 16:35:09,350] {logging_mixin.py:104} WARNING -   File "/home/airflow/.local/lib/python3.6/site-packages/urllib3/connectionpool.py", line 677, in urlopen
    chunked=chunked,
[2024-05-26 16:35:09,351] {logging_mixin.py:104} WARNING -   File "/home/airflow/.local/lib/python3.6/site-packages/urllib3/connectionpool.py", line 426, in _make_request
    six.raise_from(e, None)
[2024-05-26 16:35:09,352] {logging_mixin.py:104} WARNING -   File "<string>", line 3, in raise_from
[2024-05-26 16:35:09,354] {logging_mixin.py:104} WARNING -   File "/home/airflow/.local/lib/python3.6/site-packages/urllib3/connectionpool.py", line 421, in _make_request
    httplib_response = conn.getresponse()
[2024-05-26 16:35:09,358] {logging_mixin.py:104} WARNING -   File "/usr/local/lib/python3.6/http/client.py", line 1383, in getresponse
    response.begin()
[2024-05-26 16:35:09,362] {logging_mixin.py:104} WARNING -   File "/usr/local/lib/python3.6/http/client.py", line 320, in begin
    version, status, reason = self._read_status()
[2024-05-26 16:35:09,363] {logging_mixin.py:104} WARNING -   File "/usr/local/lib/python3.6/http/client.py", line 289, in _read_status
    raise RemoteDisconnected("Remote end closed connection without"
[2024-05-26 16:35:09,365] {logging_mixin.py:104} WARNING - urllib3.exceptions.ProtocolError: ('Connection aborted.', RemoteDisconnected('Remote end closed connection without response',))
[2024-05-26 16:35:09,372] {logging_mixin.py:104} WARNING - 
During handling of the above exception, another exception occurred:
[2024-05-26 16:35:09,376] {logging_mixin.py:104} WARNING - Traceback (most recent call last):
[2024-05-26 16:35:09,387] {logging_mixin.py:104} WARNING -   File "/home/airflow/.local/lib/python3.6/site-packages/airflow/models/taskinstance.py", line 1112, in _run_raw_task
    self._prepare_and_execute_task_with_callbacks(context, task)
[2024-05-26 16:35:09,392] {logging_mixin.py:104} WARNING -   File "/home/airflow/.local/lib/python3.6/site-packages/airflow/models/taskinstance.py", line 1285, in _prepare_and_execute_task_with_callbacks
    result = self._execute_task(context, task_copy)
[2024-05-26 16:35:09,396] {logging_mixin.py:104} WARNING -   File "/home/airflow/.local/lib/python3.6/site-packages/airflow/models/taskinstance.py", line 1315, in _execute_task
    result = task_copy.execute(context=context)
[2024-05-26 16:35:09,403] {logging_mixin.py:104} WARNING -   File "/home/airflow/.local/lib/python3.6/site-packages/airflow/operators/python.py", line 117, in execute
    return_value = self.execute_callable()
[2024-05-26 16:35:09,411] {logging_mixin.py:104} WARNING -   File "/home/airflow/.local/lib/python3.6/site-packages/airflow/operators/python.py", line 128, in execute_callable
    return self.python_callable(*self.op_args, **self.op_kwargs)
[2024-05-26 16:35:09,416] {logging_mixin.py:104} WARNING -   File "/opt/airflow/dags/get_new_data.py", line 17, in scrap_cnn
    response = requests.get('http://cnn_scrapper:7010/extract_news')
[2024-05-26 16:35:09,426] {logging_mixin.py:104} WARNING -   File "/home/airflow/.local/lib/python3.6/site-packages/requests/api.py", line 76, in get
    return request('get', url, params=params, **kwargs)
[2024-05-26 16:35:09,429] {logging_mixin.py:104} WARNING -   File "/home/airflow/.local/lib/python3.6/site-packages/requests/api.py", line 61, in request
    return session.request(method=method, url=url, **kwargs)
[2024-05-26 16:35:09,434] {logging_mixin.py:104} WARNING -   File "/home/airflow/.local/lib/python3.6/site-packages/requests/sessions.py", line 542, in request
    resp = self.send(prep, **send_kwargs)
[2024-05-26 16:35:09,437] {logging_mixin.py:104} WARNING -   File "/home/airflow/.local/lib/python3.6/site-packages/requests/sessions.py", line 655, in send
    r = adapter.send(request, **kwargs)
[2024-05-26 16:35:09,443] {logging_mixin.py:104} WARNING -   File "/home/airflow/.local/lib/python3.6/site-packages/requests/adapters.py", line 498, in send
    raise ConnectionError(err, request=request)
[2024-05-26 16:35:09,444] {logging_mixin.py:104} WARNING - requests.exceptions.ConnectionError: ('Connection aborted.', RemoteDisconnected('Remote end closed connection without response',))
[2024-05-26 16:35:09,445] {logging_mixin.py:104} WARNING - 
During handling of the above exception, another exception occurred:
[2024-05-26 16:35:09,448] {logging_mixin.py:104} WARNING - Traceback (most recent call last):
[2024-05-26 16:35:09,451] {logging_mixin.py:104} WARNING -   File "/usr/local/lib/python3.6/logging/__init__.py", line 994, in emit
    msg = self.format(record)
[2024-05-26 16:35:09,452] {logging_mixin.py:104} WARNING -   File "/usr/local/lib/python3.6/logging/__init__.py", line 840, in format
    return fmt.format(record)
[2024-05-26 16:35:09,464] {logging_mixin.py:104} WARNING -   File "/usr/local/lib/python3.6/logging/__init__.py", line 585, in format
    record.exc_text = self.formatException(record.exc_info)
[2024-05-26 16:35:09,466] {logging_mixin.py:104} WARNING -   File "/usr/local/lib/python3.6/logging/__init__.py", line 535, in formatException
    traceback.print_exception(ei[0], ei[1], tb, None, sio)
[2024-05-26 16:35:09,469] {logging_mixin.py:104} WARNING -   File "/usr/local/lib/python3.6/traceback.py", line 104, in print_exception
    type(value), value, tb, limit=limit).format(chain=chain):
[2024-05-26 16:35:09,471] {logging_mixin.py:104} WARNING -   File "/usr/local/lib/python3.6/traceback.py", line 509, in __init__
    capture_locals=capture_locals)
[2024-05-26 16:35:09,473] {logging_mixin.py:104} WARNING -   File "/usr/local/lib/python3.6/traceback.py", line 364, in extract
    f.line
[2024-05-26 16:35:09,474] {logging_mixin.py:104} WARNING -   File "/usr/local/lib/python3.6/traceback.py", line 286, in line
    self._line = linecache.getline(self.filename, self.lineno).strip()
[2024-05-26 16:35:09,476] {logging_mixin.py:104} WARNING -   File "/usr/local/lib/python3.6/linecache.py", line 16, in getline
    lines = getlines(filename, module_globals)
[2024-05-26 16:35:09,480] {logging_mixin.py:104} WARNING -   File "/usr/local/lib/python3.6/linecache.py", line 47, in getlines
    return updatecache(filename, module_globals)
[2024-05-26 16:35:09,482] {logging_mixin.py:104} WARNING -   File "/usr/local/lib/python3.6/linecache.py", line 136, in updatecache
    with tokenize.open(fullname) as fp:
[2024-05-26 16:35:09,483] {logging_mixin.py:104} WARNING -   File "/usr/local/lib/python3.6/tokenize.py", line 454, in open
    encoding, lines = detect_encoding(buffer.readline)
[2024-05-26 16:35:09,486] {logging_mixin.py:104} WARNING -   File "/usr/local/lib/python3.6/tokenize.py", line 423, in detect_encoding
    first = read_or_stop()
[2024-05-26 16:35:09,488] {logging_mixin.py:104} WARNING -   File "/usr/local/lib/python3.6/tokenize.py", line 381, in read_or_stop
    return readline()
[2024-05-26 16:35:09,490] {logging_mixin.py:104} WARNING -   File "/home/airflow/.local/lib/python3.6/site-packages/airflow/models/taskinstance.py", line 1241, in signal_handler
    raise AirflowException("Task received SIGTERM signal")
[2024-05-26 16:35:09,492] {logging_mixin.py:104} WARNING - airflow.exceptions.AirflowException: Task received SIGTERM signal
[2024-05-26 16:35:09,494] {logging_mixin.py:104} WARNING - Call stack:
[2024-05-26 16:35:09,506] {logging_mixin.py:104} WARNING -   File "/home/airflow/.local/bin/airflow", line 8, in <module>
    sys.exit(main())
[2024-05-26 16:35:09,508] {logging_mixin.py:104} WARNING -   File "/home/airflow/.local/lib/python3.6/site-packages/airflow/__main__.py", line 40, in main
    args.func(args)
[2024-05-26 16:35:09,511] {logging_mixin.py:104} WARNING -   File "/home/airflow/.local/lib/python3.6/site-packages/airflow/cli/cli_parser.py", line 48, in command
    return func(*args, **kwargs)
[2024-05-26 16:35:09,512] {logging_mixin.py:104} WARNING -   File "/home/airflow/.local/lib/python3.6/site-packages/airflow/utils/cli.py", line 89, in wrapper
    return f(*args, **kwargs)
[2024-05-26 16:35:09,513] {logging_mixin.py:104} WARNING -   File "/home/airflow/.local/lib/python3.6/site-packages/airflow/cli/commands/scheduler_command.py", line 63, in scheduler
    job.run()
[2024-05-26 16:35:09,514] {logging_mixin.py:104} WARNING -   File "/home/airflow/.local/lib/python3.6/site-packages/airflow/jobs/base_job.py", line 237, in run
    self._execute()
[2024-05-26 16:35:09,515] {logging_mixin.py:104} WARNING -   File "/home/airflow/.local/lib/python3.6/site-packages/airflow/jobs/scheduler_job.py", line 1272, in _execute
    self.executor.start()
[2024-05-26 16:35:09,515] {logging_mixin.py:104} WARNING -   File "/home/airflow/.local/lib/python3.6/site-packages/airflow/executors/local_executor.py", line 346, in start
    self.impl.start()
[2024-05-26 16:35:09,518] {logging_mixin.py:104} WARNING -   File "/home/airflow/.local/lib/python3.6/site-packages/airflow/executors/local_executor.py", line 291, in start
    worker.start()
[2024-05-26 16:35:09,519] {logging_mixin.py:104} WARNING -   File "/usr/local/lib/python3.6/multiprocessing/process.py", line 105, in start
    self._popen = self._Popen(self)
[2024-05-26 16:35:09,520] {logging_mixin.py:104} WARNING -   File "/usr/local/lib/python3.6/multiprocessing/context.py", line 223, in _Popen
    return _default_context.get_context().Process._Popen(process_obj)
[2024-05-26 16:35:09,521] {logging_mixin.py:104} WARNING -   File "/usr/local/lib/python3.6/multiprocessing/context.py", line 277, in _Popen
    return Popen(process_obj)
[2024-05-26 16:35:09,522] {logging_mixin.py:104} WARNING -   File "/usr/local/lib/python3.6/multiprocessing/popen_fork.py", line 19, in __init__
    self._launch(process_obj)
[2024-05-26 16:35:09,523] {logging_mixin.py:104} WARNING -   File "/usr/local/lib/python3.6/multiprocessing/popen_fork.py", line 73, in _launch
    code = process_obj._bootstrap()
[2024-05-26 16:35:09,524] {logging_mixin.py:104} WARNING -   File "/usr/local/lib/python3.6/multiprocessing/process.py", line 258, in _bootstrap
    self.run()
[2024-05-26 16:35:09,525] {logging_mixin.py:104} WARNING -   File "/home/airflow/.local/lib/python3.6/site-packages/airflow/executors/local_executor.py", line 69, in run
    return super().run()
[2024-05-26 16:35:09,526] {logging_mixin.py:104} WARNING -   File "/usr/local/lib/python3.6/multiprocessing/process.py", line 93, in run
    self._target(*self._args, **self._kwargs)
[2024-05-26 16:35:09,529] {logging_mixin.py:104} WARNING -   File "/home/airflow/.local/lib/python3.6/site-packages/airflow/executors/local_executor.py", line 181, in do_work
    self.execute_work(key=key, command=command)
[2024-05-26 16:35:09,530] {logging_mixin.py:104} WARNING -   File "/home/airflow/.local/lib/python3.6/site-packages/airflow/executors/local_executor.py", line 85, in execute_work
    state = self._execute_work_in_fork(command)
[2024-05-26 16:35:09,531] {logging_mixin.py:104} WARNING -   File "/home/airflow/.local/lib/python3.6/site-packages/airflow/executors/local_executor.py", line 123, in _execute_work_in_fork
    args.func(args)
[2024-05-26 16:35:09,531] {logging_mixin.py:104} WARNING -   File "/home/airflow/.local/lib/python3.6/site-packages/airflow/cli/cli_parser.py", line 48, in command
    return func(*args, **kwargs)
[2024-05-26 16:35:09,532] {logging_mixin.py:104} WARNING -   File "/home/airflow/.local/lib/python3.6/site-packages/airflow/utils/cli.py", line 89, in wrapper
    return f(*args, **kwargs)
[2024-05-26 16:35:09,532] {logging_mixin.py:104} WARNING -   File "/home/airflow/.local/lib/python3.6/site-packages/airflow/cli/commands/task_command.py", line 235, in task_run
    _run_task_by_selected_method(args, dag, ti)
[2024-05-26 16:35:09,535] {logging_mixin.py:104} WARNING -   File "/home/airflow/.local/lib/python3.6/site-packages/airflow/cli/commands/task_command.py", line 64, in _run_task_by_selected_method
    _run_task_by_local_task_job(args, ti)
[2024-05-26 16:35:09,536] {logging_mixin.py:104} WARNING -   File "/home/airflow/.local/lib/python3.6/site-packages/airflow/cli/commands/task_command.py", line 120, in _run_task_by_local_task_job
    run_job.run()
[2024-05-26 16:35:09,537] {logging_mixin.py:104} WARNING -   File "/home/airflow/.local/lib/python3.6/site-packages/airflow/jobs/base_job.py", line 237, in run
    self._execute()
[2024-05-26 16:35:09,537] {logging_mixin.py:104} WARNING -   File "/home/airflow/.local/lib/python3.6/site-packages/airflow/jobs/local_task_job.py", line 97, in _execute
    self.task_runner.start()
[2024-05-26 16:35:09,539] {logging_mixin.py:104} WARNING -   File "/home/airflow/.local/lib/python3.6/site-packages/airflow/task/task_runner/standard_task_runner.py", line 41, in start
    self.process = self._start_by_fork()
[2024-05-26 16:35:09,541] {logging_mixin.py:104} WARNING -   File "/home/airflow/.local/lib/python3.6/site-packages/airflow/task/task_runner/standard_task_runner.py", line 85, in _start_by_fork
    args.func(args, dag=self.dag)
[2024-05-26 16:35:09,543] {logging_mixin.py:104} WARNING -   File "/home/airflow/.local/lib/python3.6/site-packages/airflow/cli/cli_parser.py", line 48, in command
    return func(*args, **kwargs)
[2024-05-26 16:35:09,544] {logging_mixin.py:104} WARNING -   File "/home/airflow/.local/lib/python3.6/site-packages/airflow/utils/cli.py", line 89, in wrapper
    return f(*args, **kwargs)
[2024-05-26 16:35:09,545] {logging_mixin.py:104} WARNING -   File "/home/airflow/.local/lib/python3.6/site-packages/airflow/cli/commands/task_command.py", line 235, in task_run
    _run_task_by_selected_method(args, dag, ti)
[2024-05-26 16:35:09,546] {logging_mixin.py:104} WARNING -   File "/home/airflow/.local/lib/python3.6/site-packages/airflow/cli/commands/task_command.py", line 66, in _run_task_by_selected_method
    _run_raw_task(args, ti)
[2024-05-26 16:35:09,547] {logging_mixin.py:104} WARNING -   File "/home/airflow/.local/lib/python3.6/site-packages/airflow/cli/commands/task_command.py", line 152, in _run_raw_task
    error_file=args.error_file,
[2024-05-26 16:35:09,551] {logging_mixin.py:104} WARNING -   File "/home/airflow/.local/lib/python3.6/site-packages/airflow/utils/session.py", line 65, in wrapper
    return func(*args, session=session, **kwargs)
[2024-05-26 16:35:09,553] {logging_mixin.py:104} WARNING -   File "/home/airflow/.local/lib/python3.6/site-packages/airflow/models/taskinstance.py", line 1152, in _run_raw_task
    self.handle_failure(e, test_mode, error_file=error_file)
[2024-05-26 16:35:09,555] {logging_mixin.py:104} WARNING -   File "/home/airflow/.local/lib/python3.6/site-packages/airflow/utils/session.py", line 65, in wrapper
    return func(*args, session=session, **kwargs)
[2024-05-26 16:35:09,557] {logging_mixin.py:104} WARNING -   File "/home/airflow/.local/lib/python3.6/site-packages/airflow/models/taskinstance.py", line 1455, in handle_failure
    self.log.exception(error)
[2024-05-26 16:35:09,558] {logging_mixin.py:104} WARNING -   File "/usr/local/lib/python3.6/logging/__init__.py", line 1343, in exception
    self.error(msg, *args, exc_info=exc_info, **kwargs)
[2024-05-26 16:35:09,559] {logging_mixin.py:104} WARNING -   File "/usr/local/lib/python3.6/logging/__init__.py", line 1337, in error
    self._log(ERROR, msg, args, **kwargs)
[2024-05-26 16:35:09,561] {logging_mixin.py:104} WARNING -   File "/usr/local/lib/python3.6/logging/__init__.py", line 1444, in _log
    self.handle(record)
[2024-05-26 16:35:09,565] {logging_mixin.py:104} WARNING -   File "/usr/local/lib/python3.6/logging/__init__.py", line 1454, in handle
    self.callHandlers(record)
[2024-05-26 16:35:09,568] {logging_mixin.py:104} WARNING -   File "/usr/local/lib/python3.6/logging/__init__.py", line 1516, in callHandlers
    hdlr.handle(record)
[2024-05-26 16:35:09,571] {logging_mixin.py:104} WARNING -   File "/usr/local/lib/python3.6/logging/__init__.py", line 865, in handle
    self.emit(record)
[2024-05-26 16:35:09,573] {logging_mixin.py:104} WARNING -   File "/home/airflow/.local/lib/python3.6/site-packages/airflow/utils/log/file_task_handler.py", line 64, in emit
    self.handler.emit(record)
[2024-05-26 16:35:09,575] {logging_mixin.py:104} WARNING - Message: ConnectionError(ProtocolError('Connection aborted.', RemoteDisconnected('Remote end closed connection without response',)),)
Arguments: ()
[2024-05-26 16:35:09,585] {taskinstance.py:1503} INFO - Marking task as UP_FOR_RETRY. dag_id=get_new_data, task_id=scrap_cnn, execution_date=20240525T000000, start_date=20240526T163254, end_date=20240526T163509
[2024-05-26 16:35:09,698] {process_utils.py:66} INFO - Process psutil.Process(pid=187, status='terminated', exitcode=1, started='16:32:54') (187) terminated with exit code 1
[2024-05-26 17:11:10,578] {taskinstance.py:851} INFO - Dependencies all met for <TaskInstance: get_new_data.scrap_cnn 2024-05-25T00:00:00+00:00 [queued]>
[2024-05-26 17:11:10,594] {taskinstance.py:851} INFO - Dependencies all met for <TaskInstance: get_new_data.scrap_cnn 2024-05-25T00:00:00+00:00 [queued]>
[2024-05-26 17:11:10,595] {taskinstance.py:1042} INFO - 
--------------------------------------------------------------------------------
[2024-05-26 17:11:10,595] {taskinstance.py:1043} INFO - Starting attempt 1 of 6
[2024-05-26 17:11:10,595] {taskinstance.py:1044} INFO - 
--------------------------------------------------------------------------------
[2024-05-26 17:11:10,612] {taskinstance.py:1063} INFO - Executing <Task(PythonOperator): scrap_cnn> on 2024-05-25T00:00:00+00:00
[2024-05-26 17:11:10,616] {standard_task_runner.py:52} INFO - Started process 184 to run task
[2024-05-26 17:11:10,620] {standard_task_runner.py:76} INFO - Running: ['airflow', 'tasks', 'run', 'get_new_data', 'scrap_cnn', '2024-05-25T00:00:00+00:00', '--job-id', '322', '--pool', 'default_pool', '--raw', '--subdir', 'DAGS_FOLDER/get_new_data.py', '--cfg-path', '/tmp/tmp0lwvrz85', '--error-file', '/tmp/tmptyo2pbk_']
[2024-05-26 17:11:10,625] {standard_task_runner.py:77} INFO - Job 322: Subtask scrap_cnn
[2024-05-26 17:11:10,671] {logging_mixin.py:104} INFO - Running <TaskInstance: get_new_data.scrap_cnn 2024-05-25T00:00:00+00:00 [running]> on host 6a7718113559
[2024-05-26 17:11:10,717] {taskinstance.py:1257} INFO - Exporting the following env vars:
AIRFLOW_CTX_DAG_OWNER=airflow
AIRFLOW_CTX_DAG_ID=get_new_data
AIRFLOW_CTX_TASK_ID=scrap_cnn
AIRFLOW_CTX_EXECUTION_DATE=2024-05-25T00:00:00+00:00
AIRFLOW_CTX_DAG_RUN_ID=scheduled__2024-05-25T00:00:00+00:00
[2024-05-26 17:12:34,437] {local_task_job.py:77} ERROR - Received SIGTERM. Terminating subprocesses
[2024-05-26 17:12:34,566] {process_utils.py:100} INFO - Sending Signals.SIGTERM to GPID 184
[2024-05-26 17:12:34,610] {taskinstance.py:1239} ERROR - Received SIGTERM. Terminating subprocesses.
[2024-05-26 17:12:34,614] {logging_mixin.py:104} WARNING - --- Logging error ---
[2024-05-26 17:12:34,657] {logging_mixin.py:104} WARNING - Traceback (most recent call last):
[2024-05-26 17:12:34,668] {logging_mixin.py:104} WARNING -   File "/home/airflow/.local/lib/python3.6/site-packages/urllib3/connectionpool.py", line 677, in urlopen
    chunked=chunked,
[2024-05-26 17:12:34,669] {logging_mixin.py:104} WARNING -   File "/home/airflow/.local/lib/python3.6/site-packages/urllib3/connectionpool.py", line 426, in _make_request
    six.raise_from(e, None)
[2024-05-26 17:12:34,670] {logging_mixin.py:104} WARNING -   File "<string>", line 3, in raise_from
[2024-05-26 17:12:34,671] {logging_mixin.py:104} WARNING -   File "/home/airflow/.local/lib/python3.6/site-packages/urllib3/connectionpool.py", line 421, in _make_request
    httplib_response = conn.getresponse()
[2024-05-26 17:12:34,672] {logging_mixin.py:104} WARNING -   File "/usr/local/lib/python3.6/http/client.py", line 1383, in getresponse
    response.begin()
[2024-05-26 17:12:34,674] {logging_mixin.py:104} WARNING -   File "/usr/local/lib/python3.6/http/client.py", line 320, in begin
    version, status, reason = self._read_status()
[2024-05-26 17:12:34,674] {logging_mixin.py:104} WARNING -   File "/usr/local/lib/python3.6/http/client.py", line 289, in _read_status
    raise RemoteDisconnected("Remote end closed connection without"
[2024-05-26 17:12:34,675] {logging_mixin.py:104} WARNING - http.client.RemoteDisconnected: Remote end closed connection without response
[2024-05-26 17:12:34,676] {logging_mixin.py:104} WARNING - 
During handling of the above exception, another exception occurred:
[2024-05-26 17:12:34,676] {logging_mixin.py:104} WARNING - Traceback (most recent call last):
[2024-05-26 17:12:34,679] {logging_mixin.py:104} WARNING -   File "/home/airflow/.local/lib/python3.6/site-packages/requests/adapters.py", line 449, in send
    timeout=timeout
[2024-05-26 17:12:34,679] {logging_mixin.py:104} WARNING -   File "/home/airflow/.local/lib/python3.6/site-packages/urllib3/connectionpool.py", line 727, in urlopen
    method, url, error=e, _pool=self, _stacktrace=sys.exc_info()[2]
[2024-05-26 17:12:34,684] {logging_mixin.py:104} WARNING -   File "/home/airflow/.local/lib/python3.6/site-packages/urllib3/util/retry.py", line 410, in increment
    raise six.reraise(type(error), error, _stacktrace)
[2024-05-26 17:12:34,699] {logging_mixin.py:104} WARNING -   File "/home/airflow/.local/lib/python3.6/site-packages/urllib3/packages/six.py", line 734, in reraise
    raise value.with_traceback(tb)
[2024-05-26 17:12:34,703] {logging_mixin.py:104} WARNING -   File "/home/airflow/.local/lib/python3.6/site-packages/urllib3/connectionpool.py", line 677, in urlopen
    chunked=chunked,
[2024-05-26 17:12:34,704] {logging_mixin.py:104} WARNING -   File "/home/airflow/.local/lib/python3.6/site-packages/urllib3/connectionpool.py", line 426, in _make_request
    six.raise_from(e, None)
[2024-05-26 17:12:34,707] {logging_mixin.py:104} WARNING -   File "<string>", line 3, in raise_from
[2024-05-26 17:12:34,707] {logging_mixin.py:104} WARNING -   File "/home/airflow/.local/lib/python3.6/site-packages/urllib3/connectionpool.py", line 421, in _make_request
    httplib_response = conn.getresponse()
[2024-05-26 17:12:34,709] {logging_mixin.py:104} WARNING -   File "/usr/local/lib/python3.6/http/client.py", line 1383, in getresponse
    response.begin()
[2024-05-26 17:12:34,709] {logging_mixin.py:104} WARNING -   File "/usr/local/lib/python3.6/http/client.py", line 320, in begin
    version, status, reason = self._read_status()
[2024-05-26 17:12:34,711] {logging_mixin.py:104} WARNING -   File "/usr/local/lib/python3.6/http/client.py", line 289, in _read_status
    raise RemoteDisconnected("Remote end closed connection without"
[2024-05-26 17:12:34,711] {logging_mixin.py:104} WARNING - urllib3.exceptions.ProtocolError: ('Connection aborted.', RemoteDisconnected('Remote end closed connection without response',))
[2024-05-26 17:12:34,712] {logging_mixin.py:104} WARNING - 
During handling of the above exception, another exception occurred:
[2024-05-26 17:12:34,712] {logging_mixin.py:104} WARNING - Traceback (most recent call last):
[2024-05-26 17:12:34,712] {logging_mixin.py:104} WARNING -   File "/home/airflow/.local/lib/python3.6/site-packages/airflow/models/taskinstance.py", line 1112, in _run_raw_task
    self._prepare_and_execute_task_with_callbacks(context, task)
[2024-05-26 17:12:34,712] {logging_mixin.py:104} WARNING -   File "/home/airflow/.local/lib/python3.6/site-packages/airflow/models/taskinstance.py", line 1285, in _prepare_and_execute_task_with_callbacks
    result = self._execute_task(context, task_copy)
[2024-05-26 17:12:34,712] {logging_mixin.py:104} WARNING -   File "/home/airflow/.local/lib/python3.6/site-packages/airflow/models/taskinstance.py", line 1315, in _execute_task
    result = task_copy.execute(context=context)
[2024-05-26 17:12:34,712] {logging_mixin.py:104} WARNING -   File "/home/airflow/.local/lib/python3.6/site-packages/airflow/operators/python.py", line 117, in execute
    return_value = self.execute_callable()
[2024-05-26 17:12:34,712] {logging_mixin.py:104} WARNING -   File "/home/airflow/.local/lib/python3.6/site-packages/airflow/operators/python.py", line 128, in execute_callable
    return self.python_callable(*self.op_args, **self.op_kwargs)
[2024-05-26 17:12:34,714] {logging_mixin.py:104} WARNING -   File "/opt/airflow/dags/get_new_data.py", line 17, in scrap_cnn
    response = requests.get('http://cnn_scrapper:7010/extract_news')
[2024-05-26 17:12:34,724] {logging_mixin.py:104} WARNING -   File "/home/airflow/.local/lib/python3.6/site-packages/requests/api.py", line 76, in get
    return request('get', url, params=params, **kwargs)
[2024-05-26 17:12:34,725] {logging_mixin.py:104} WARNING -   File "/home/airflow/.local/lib/python3.6/site-packages/requests/api.py", line 61, in request
    return session.request(method=method, url=url, **kwargs)
[2024-05-26 17:12:34,725] {logging_mixin.py:104} WARNING -   File "/home/airflow/.local/lib/python3.6/site-packages/requests/sessions.py", line 542, in request
    resp = self.send(prep, **send_kwargs)
[2024-05-26 17:12:34,726] {logging_mixin.py:104} WARNING -   File "/home/airflow/.local/lib/python3.6/site-packages/requests/sessions.py", line 655, in send
    r = adapter.send(request, **kwargs)
[2024-05-26 17:12:34,726] {logging_mixin.py:104} WARNING -   File "/home/airflow/.local/lib/python3.6/site-packages/requests/adapters.py", line 498, in send
    raise ConnectionError(err, request=request)
[2024-05-26 17:12:34,729] {logging_mixin.py:104} WARNING - requests.exceptions.ConnectionError: ('Connection aborted.', RemoteDisconnected('Remote end closed connection without response',))
[2024-05-26 17:12:34,729] {logging_mixin.py:104} WARNING - 
During handling of the above exception, another exception occurred:
[2024-05-26 17:12:34,731] {logging_mixin.py:104} WARNING - Traceback (most recent call last):
[2024-05-26 17:12:34,732] {logging_mixin.py:104} WARNING -   File "/usr/local/lib/python3.6/logging/__init__.py", line 994, in emit
    msg = self.format(record)
[2024-05-26 17:12:34,733] {logging_mixin.py:104} WARNING -   File "/usr/local/lib/python3.6/logging/__init__.py", line 840, in format
    return fmt.format(record)
[2024-05-26 17:12:34,737] {logging_mixin.py:104} WARNING -   File "/usr/local/lib/python3.6/logging/__init__.py", line 585, in format
    record.exc_text = self.formatException(record.exc_info)
[2024-05-26 17:12:34,738] {logging_mixin.py:104} WARNING -   File "/usr/local/lib/python3.6/logging/__init__.py", line 535, in formatException
    traceback.print_exception(ei[0], ei[1], tb, None, sio)
[2024-05-26 17:12:34,738] {logging_mixin.py:104} WARNING -   File "/usr/local/lib/python3.6/traceback.py", line 104, in print_exception
    type(value), value, tb, limit=limit).format(chain=chain):
[2024-05-26 17:12:34,740] {logging_mixin.py:104} WARNING -   File "/usr/local/lib/python3.6/traceback.py", line 509, in __init__
    capture_locals=capture_locals)
[2024-05-26 17:12:34,741] {logging_mixin.py:104} WARNING -   File "/usr/local/lib/python3.6/traceback.py", line 364, in extract
    f.line
[2024-05-26 17:12:34,742] {logging_mixin.py:104} WARNING -   File "/usr/local/lib/python3.6/traceback.py", line 286, in line
    self._line = linecache.getline(self.filename, self.lineno).strip()
[2024-05-26 17:12:34,746] {logging_mixin.py:104} WARNING -   File "/usr/local/lib/python3.6/linecache.py", line 16, in getline
    lines = getlines(filename, module_globals)
[2024-05-26 17:12:34,747] {logging_mixin.py:104} WARNING -   File "/usr/local/lib/python3.6/linecache.py", line 47, in getlines
    return updatecache(filename, module_globals)
[2024-05-26 17:12:34,747] {logging_mixin.py:104} WARNING -   File "/usr/local/lib/python3.6/linecache.py", line 95, in updatecache
    stat = os.stat(fullname)
[2024-05-26 17:12:34,748] {logging_mixin.py:104} WARNING -   File "/home/airflow/.local/lib/python3.6/site-packages/airflow/models/taskinstance.py", line 1241, in signal_handler
    raise AirflowException("Task received SIGTERM signal")
[2024-05-26 17:12:34,752] {logging_mixin.py:104} WARNING - airflow.exceptions.AirflowException: Task received SIGTERM signal
[2024-05-26 17:12:34,753] {logging_mixin.py:104} WARNING - Call stack:
[2024-05-26 17:12:34,801] {logging_mixin.py:104} WARNING -   File "/home/airflow/.local/bin/airflow", line 8, in <module>
    sys.exit(main())
[2024-05-26 17:12:34,816] {logging_mixin.py:104} WARNING -   File "/home/airflow/.local/lib/python3.6/site-packages/airflow/__main__.py", line 40, in main
    args.func(args)
[2024-05-26 17:12:34,817] {logging_mixin.py:104} WARNING -   File "/home/airflow/.local/lib/python3.6/site-packages/airflow/cli/cli_parser.py", line 48, in command
    return func(*args, **kwargs)
[2024-05-26 17:12:34,819] {logging_mixin.py:104} WARNING -   File "/home/airflow/.local/lib/python3.6/site-packages/airflow/utils/cli.py", line 89, in wrapper
    return f(*args, **kwargs)
[2024-05-26 17:12:34,821] {logging_mixin.py:104} WARNING -   File "/home/airflow/.local/lib/python3.6/site-packages/airflow/cli/commands/scheduler_command.py", line 63, in scheduler
    job.run()
[2024-05-26 17:12:34,824] {logging_mixin.py:104} WARNING -   File "/home/airflow/.local/lib/python3.6/site-packages/airflow/jobs/base_job.py", line 237, in run
    self._execute()
[2024-05-26 17:12:34,825] {logging_mixin.py:104} WARNING -   File "/home/airflow/.local/lib/python3.6/site-packages/airflow/jobs/scheduler_job.py", line 1272, in _execute
    self.executor.start()
[2024-05-26 17:12:34,826] {logging_mixin.py:104} WARNING -   File "/home/airflow/.local/lib/python3.6/site-packages/airflow/executors/local_executor.py", line 346, in start
    self.impl.start()
[2024-05-26 17:12:34,826] {logging_mixin.py:104} WARNING -   File "/home/airflow/.local/lib/python3.6/site-packages/airflow/executors/local_executor.py", line 291, in start
    worker.start()
[2024-05-26 17:12:34,828] {logging_mixin.py:104} WARNING -   File "/usr/local/lib/python3.6/multiprocessing/process.py", line 105, in start
    self._popen = self._Popen(self)
[2024-05-26 17:12:34,841] {logging_mixin.py:104} WARNING -   File "/usr/local/lib/python3.6/multiprocessing/context.py", line 223, in _Popen
    return _default_context.get_context().Process._Popen(process_obj)
[2024-05-26 17:12:34,843] {logging_mixin.py:104} WARNING -   File "/usr/local/lib/python3.6/multiprocessing/context.py", line 277, in _Popen
    return Popen(process_obj)
[2024-05-26 17:12:34,866] {logging_mixin.py:104} WARNING -   File "/usr/local/lib/python3.6/multiprocessing/popen_fork.py", line 19, in __init__
    self._launch(process_obj)
[2024-05-26 17:12:34,867] {logging_mixin.py:104} WARNING -   File "/usr/local/lib/python3.6/multiprocessing/popen_fork.py", line 73, in _launch
    code = process_obj._bootstrap()
[2024-05-26 17:12:34,887] {logging_mixin.py:104} WARNING -   File "/usr/local/lib/python3.6/multiprocessing/process.py", line 258, in _bootstrap
    self.run()
[2024-05-26 17:12:34,892] {logging_mixin.py:104} WARNING -   File "/home/airflow/.local/lib/python3.6/site-packages/airflow/executors/local_executor.py", line 69, in run
    return super().run()
[2024-05-26 17:12:34,892] {logging_mixin.py:104} WARNING -   File "/usr/local/lib/python3.6/multiprocessing/process.py", line 93, in run
    self._target(*self._args, **self._kwargs)
[2024-05-26 17:12:34,893] {logging_mixin.py:104} WARNING -   File "/home/airflow/.local/lib/python3.6/site-packages/airflow/executors/local_executor.py", line 181, in do_work
    self.execute_work(key=key, command=command)
[2024-05-26 17:12:34,893] {logging_mixin.py:104} WARNING -   File "/home/airflow/.local/lib/python3.6/site-packages/airflow/executors/local_executor.py", line 85, in execute_work
    state = self._execute_work_in_fork(command)
[2024-05-26 17:12:34,893] {logging_mixin.py:104} WARNING -   File "/home/airflow/.local/lib/python3.6/site-packages/airflow/executors/local_executor.py", line 123, in _execute_work_in_fork
    args.func(args)
[2024-05-26 17:12:34,893] {logging_mixin.py:104} WARNING -   File "/home/airflow/.local/lib/python3.6/site-packages/airflow/cli/cli_parser.py", line 48, in command
    return func(*args, **kwargs)
[2024-05-26 17:12:34,894] {logging_mixin.py:104} WARNING -   File "/home/airflow/.local/lib/python3.6/site-packages/airflow/utils/cli.py", line 89, in wrapper
    return f(*args, **kwargs)
[2024-05-26 17:12:34,894] {logging_mixin.py:104} WARNING -   File "/home/airflow/.local/lib/python3.6/site-packages/airflow/cli/commands/task_command.py", line 235, in task_run
    _run_task_by_selected_method(args, dag, ti)
[2024-05-26 17:12:34,895] {logging_mixin.py:104} WARNING -   File "/home/airflow/.local/lib/python3.6/site-packages/airflow/cli/commands/task_command.py", line 64, in _run_task_by_selected_method
    _run_task_by_local_task_job(args, ti)
[2024-05-26 17:12:34,903] {logging_mixin.py:104} WARNING -   File "/home/airflow/.local/lib/python3.6/site-packages/airflow/cli/commands/task_command.py", line 120, in _run_task_by_local_task_job
    run_job.run()
[2024-05-26 17:12:34,904] {logging_mixin.py:104} WARNING -   File "/home/airflow/.local/lib/python3.6/site-packages/airflow/jobs/base_job.py", line 237, in run
    self._execute()
[2024-05-26 17:12:34,904] {logging_mixin.py:104} WARNING -   File "/home/airflow/.local/lib/python3.6/site-packages/airflow/jobs/local_task_job.py", line 97, in _execute
    self.task_runner.start()
[2024-05-26 17:12:34,904] {logging_mixin.py:104} WARNING -   File "/home/airflow/.local/lib/python3.6/site-packages/airflow/task/task_runner/standard_task_runner.py", line 41, in start
    self.process = self._start_by_fork()
[2024-05-26 17:12:34,907] {logging_mixin.py:104} WARNING -   File "/home/airflow/.local/lib/python3.6/site-packages/airflow/task/task_runner/standard_task_runner.py", line 85, in _start_by_fork
    args.func(args, dag=self.dag)
[2024-05-26 17:12:34,908] {logging_mixin.py:104} WARNING -   File "/home/airflow/.local/lib/python3.6/site-packages/airflow/cli/cli_parser.py", line 48, in command
    return func(*args, **kwargs)
[2024-05-26 17:12:34,909] {logging_mixin.py:104} WARNING -   File "/home/airflow/.local/lib/python3.6/site-packages/airflow/utils/cli.py", line 89, in wrapper
    return f(*args, **kwargs)
[2024-05-26 17:12:34,910] {logging_mixin.py:104} WARNING -   File "/home/airflow/.local/lib/python3.6/site-packages/airflow/cli/commands/task_command.py", line 235, in task_run
    _run_task_by_selected_method(args, dag, ti)
[2024-05-26 17:12:34,911] {logging_mixin.py:104} WARNING -   File "/home/airflow/.local/lib/python3.6/site-packages/airflow/cli/commands/task_command.py", line 66, in _run_task_by_selected_method
    _run_raw_task(args, ti)
[2024-05-26 17:12:34,915] {logging_mixin.py:104} WARNING -   File "/home/airflow/.local/lib/python3.6/site-packages/airflow/cli/commands/task_command.py", line 152, in _run_raw_task
    error_file=args.error_file,
[2024-05-26 17:12:34,916] {logging_mixin.py:104} WARNING -   File "/home/airflow/.local/lib/python3.6/site-packages/airflow/utils/session.py", line 65, in wrapper
    return func(*args, session=session, **kwargs)
[2024-05-26 17:12:34,921] {logging_mixin.py:104} WARNING -   File "/home/airflow/.local/lib/python3.6/site-packages/airflow/models/taskinstance.py", line 1152, in _run_raw_task
    self.handle_failure(e, test_mode, error_file=error_file)
[2024-05-26 17:12:34,921] {logging_mixin.py:104} WARNING -   File "/home/airflow/.local/lib/python3.6/site-packages/airflow/utils/session.py", line 65, in wrapper
    return func(*args, session=session, **kwargs)
[2024-05-26 17:12:34,921] {logging_mixin.py:104} WARNING -   File "/home/airflow/.local/lib/python3.6/site-packages/airflow/models/taskinstance.py", line 1455, in handle_failure
    self.log.exception(error)
[2024-05-26 17:12:34,922] {logging_mixin.py:104} WARNING -   File "/usr/local/lib/python3.6/logging/__init__.py", line 1343, in exception
    self.error(msg, *args, exc_info=exc_info, **kwargs)
[2024-05-26 17:12:34,926] {logging_mixin.py:104} WARNING -   File "/usr/local/lib/python3.6/logging/__init__.py", line 1337, in error
    self._log(ERROR, msg, args, **kwargs)
[2024-05-26 17:12:34,926] {logging_mixin.py:104} WARNING -   File "/usr/local/lib/python3.6/logging/__init__.py", line 1444, in _log
    self.handle(record)
[2024-05-26 17:12:34,927] {logging_mixin.py:104} WARNING -   File "/usr/local/lib/python3.6/logging/__init__.py", line 1454, in handle
    self.callHandlers(record)
[2024-05-26 17:12:34,947] {logging_mixin.py:104} WARNING -   File "/usr/local/lib/python3.6/logging/__init__.py", line 1516, in callHandlers
    hdlr.handle(record)
[2024-05-26 17:12:34,966] {logging_mixin.py:104} WARNING -   File "/usr/local/lib/python3.6/logging/__init__.py", line 865, in handle
    self.emit(record)
[2024-05-26 17:12:34,981] {logging_mixin.py:104} WARNING -   File "/home/airflow/.local/lib/python3.6/site-packages/airflow/utils/log/file_task_handler.py", line 64, in emit
    self.handler.emit(record)
[2024-05-26 17:12:34,991] {logging_mixin.py:104} WARNING - Message: ConnectionError(ProtocolError('Connection aborted.', RemoteDisconnected('Remote end closed connection without response',)),)
Arguments: ()
[2024-05-26 17:12:35,026] {taskinstance.py:1503} INFO - Marking task as UP_FOR_RETRY. dag_id=get_new_data, task_id=scrap_cnn, execution_date=20240525T000000, start_date=20240526T171110, end_date=20240526T171235
[2024-05-26 17:12:35,234] {process_utils.py:66} INFO - Process psutil.Process(pid=184, status='terminated', exitcode=1, started='17:11:09') (184) terminated with exit code 1
[2024-05-26 17:36:05,041] {taskinstance.py:851} INFO - Dependencies all met for <TaskInstance: get_new_data.scrap_cnn 2024-05-25T00:00:00+00:00 [queued]>
[2024-05-26 17:36:05,054] {taskinstance.py:851} INFO - Dependencies all met for <TaskInstance: get_new_data.scrap_cnn 2024-05-25T00:00:00+00:00 [queued]>
[2024-05-26 17:36:05,054] {taskinstance.py:1042} INFO - 
--------------------------------------------------------------------------------
[2024-05-26 17:36:05,054] {taskinstance.py:1043} INFO - Starting attempt 1 of 6
[2024-05-26 17:36:05,054] {taskinstance.py:1044} INFO - 
--------------------------------------------------------------------------------
[2024-05-26 17:36:05,062] {taskinstance.py:1063} INFO - Executing <Task(PythonOperator): scrap_cnn> on 2024-05-25T00:00:00+00:00
[2024-05-26 17:36:05,067] {standard_task_runner.py:52} INFO - Started process 188 to run task
[2024-05-26 17:36:05,071] {standard_task_runner.py:76} INFO - Running: ['airflow', 'tasks', 'run', 'get_new_data', 'scrap_cnn', '2024-05-25T00:00:00+00:00', '--job-id', '327', '--pool', 'default_pool', '--raw', '--subdir', 'DAGS_FOLDER/get_new_data.py', '--cfg-path', '/tmp/tmp92kdcdr6', '--error-file', '/tmp/tmpk2azgw8l']
[2024-05-26 17:36:05,074] {standard_task_runner.py:77} INFO - Job 327: Subtask scrap_cnn
[2024-05-26 17:36:05,116] {logging_mixin.py:104} INFO - Running <TaskInstance: get_new_data.scrap_cnn 2024-05-25T00:00:00+00:00 [running]> on host 6a7718113559
[2024-05-26 17:36:05,152] {taskinstance.py:1257} INFO - Exporting the following env vars:
AIRFLOW_CTX_DAG_OWNER=airflow
AIRFLOW_CTX_DAG_ID=get_new_data
AIRFLOW_CTX_TASK_ID=scrap_cnn
AIRFLOW_CTX_EXECUTION_DATE=2024-05-25T00:00:00+00:00
AIRFLOW_CTX_DAG_RUN_ID=scheduled__2024-05-25T00:00:00+00:00
[2024-05-26 17:40:38,501] {python.py:118} INFO - Done. Returned value was: None
[2024-05-26 17:40:38,512] {taskinstance.py:1166} INFO - Marking task as SUCCESS. dag_id=get_new_data, task_id=scrap_cnn, execution_date=20240525T000000, start_date=20240526T173605, end_date=20240526T174038
[2024-05-26 17:40:38,550] {taskinstance.py:1220} INFO - 1 downstream tasks scheduled from follow-on schedule check
[2024-05-26 17:40:38,580] {local_task_job.py:146} INFO - Task exited with return code 0
[2024-05-26 17:45:21,951] {taskinstance.py:851} INFO - Dependencies all met for <TaskInstance: get_new_data.scrap_cnn 2024-05-25T00:00:00+00:00 [queued]>
[2024-05-26 17:45:21,958] {taskinstance.py:851} INFO - Dependencies all met for <TaskInstance: get_new_data.scrap_cnn 2024-05-25T00:00:00+00:00 [queued]>
[2024-05-26 17:45:21,958] {taskinstance.py:1042} INFO - 
--------------------------------------------------------------------------------
[2024-05-26 17:45:21,958] {taskinstance.py:1043} INFO - Starting attempt 1 of 6
[2024-05-26 17:45:21,958] {taskinstance.py:1044} INFO - 
--------------------------------------------------------------------------------
[2024-05-26 17:45:21,967] {taskinstance.py:1063} INFO - Executing <Task(PythonOperator): scrap_cnn> on 2024-05-25T00:00:00+00:00
[2024-05-26 17:45:21,970] {standard_task_runner.py:52} INFO - Started process 168 to run task
[2024-05-26 17:45:21,973] {standard_task_runner.py:76} INFO - Running: ['airflow', 'tasks', 'run', 'get_new_data', 'scrap_cnn', '2024-05-25T00:00:00+00:00', '--job-id', '334', '--pool', 'default_pool', '--raw', '--subdir', 'DAGS_FOLDER/get_new_data.py', '--cfg-path', '/tmp/tmpsib3jboi', '--error-file', '/tmp/tmpbsgtgoc3']
[2024-05-26 17:45:21,975] {standard_task_runner.py:77} INFO - Job 334: Subtask scrap_cnn
[2024-05-26 17:45:22,005] {logging_mixin.py:104} INFO - Running <TaskInstance: get_new_data.scrap_cnn 2024-05-25T00:00:00+00:00 [running]> on host 6a7718113559
[2024-05-26 17:45:22,036] {taskinstance.py:1257} INFO - Exporting the following env vars:
AIRFLOW_CTX_DAG_OWNER=airflow
AIRFLOW_CTX_DAG_ID=get_new_data
AIRFLOW_CTX_TASK_ID=scrap_cnn
AIRFLOW_CTX_EXECUTION_DATE=2024-05-25T00:00:00+00:00
AIRFLOW_CTX_DAG_RUN_ID=scheduled__2024-05-25T00:00:00+00:00
[2024-05-26 17:50:46,581] {python.py:118} INFO - Done. Returned value was: None
[2024-05-26 17:50:46,589] {taskinstance.py:1166} INFO - Marking task as SUCCESS. dag_id=get_new_data, task_id=scrap_cnn, execution_date=20240525T000000, start_date=20240526T174521, end_date=20240526T175046
[2024-05-26 17:50:46,643] {taskinstance.py:1220} INFO - 1 downstream tasks scheduled from follow-on schedule check
[2024-05-26 17:50:46,653] {local_task_job.py:146} INFO - Task exited with return code 0
[2024-05-26 18:33:32,472] {taskinstance.py:851} INFO - Dependencies all met for <TaskInstance: get_new_data.scrap_cnn 2024-05-25T00:00:00+00:00 [queued]>
[2024-05-26 18:33:32,485] {taskinstance.py:851} INFO - Dependencies all met for <TaskInstance: get_new_data.scrap_cnn 2024-05-25T00:00:00+00:00 [queued]>
[2024-05-26 18:33:32,485] {taskinstance.py:1042} INFO - 
--------------------------------------------------------------------------------
[2024-05-26 18:33:32,485] {taskinstance.py:1043} INFO - Starting attempt 1 of 6
[2024-05-26 18:33:32,485] {taskinstance.py:1044} INFO - 
--------------------------------------------------------------------------------
[2024-05-26 18:33:32,493] {taskinstance.py:1063} INFO - Executing <Task(PythonOperator): scrap_cnn> on 2024-05-25T00:00:00+00:00
[2024-05-26 18:33:32,497] {standard_task_runner.py:52} INFO - Started process 168 to run task
[2024-05-26 18:33:32,501] {standard_task_runner.py:76} INFO - Running: ['airflow', 'tasks', 'run', 'get_new_data', 'scrap_cnn', '2024-05-25T00:00:00+00:00', '--job-id', '350', '--pool', 'default_pool', '--raw', '--subdir', 'DAGS_FOLDER/get_new_data.py', '--cfg-path', '/tmp/tmpgf1pg6f5', '--error-file', '/tmp/tmpw4n1bdmw']
[2024-05-26 18:33:32,504] {standard_task_runner.py:77} INFO - Job 350: Subtask scrap_cnn
[2024-05-26 18:33:32,539] {logging_mixin.py:104} INFO - Running <TaskInstance: get_new_data.scrap_cnn 2024-05-25T00:00:00+00:00 [running]> on host 6a7718113559
[2024-05-26 18:33:32,581] {taskinstance.py:1257} INFO - Exporting the following env vars:
AIRFLOW_CTX_DAG_OWNER=airflow
AIRFLOW_CTX_DAG_ID=get_new_data
AIRFLOW_CTX_TASK_ID=scrap_cnn
AIRFLOW_CTX_EXECUTION_DATE=2024-05-25T00:00:00+00:00
AIRFLOW_CTX_DAG_RUN_ID=scheduled__2024-05-25T00:00:00+00:00
[2024-05-26 18:36:20,931] {python.py:118} INFO - Done. Returned value was: None
[2024-05-26 18:36:20,942] {taskinstance.py:1166} INFO - Marking task as SUCCESS. dag_id=get_new_data, task_id=scrap_cnn, execution_date=20240525T000000, start_date=20240526T183332, end_date=20240526T183620
[2024-05-26 18:36:20,986] {taskinstance.py:1220} INFO - 1 downstream tasks scheduled from follow-on schedule check
[2024-05-26 18:36:21,014] {local_task_job.py:146} INFO - Task exited with return code 0
[2024-05-26 18:50:45,939] {taskinstance.py:851} INFO - Dependencies all met for <TaskInstance: get_new_data.scrap_cnn 2024-05-25T00:00:00+00:00 [queued]>
[2024-05-26 18:50:45,952] {taskinstance.py:851} INFO - Dependencies all met for <TaskInstance: get_new_data.scrap_cnn 2024-05-25T00:00:00+00:00 [queued]>
[2024-05-26 18:50:45,953] {taskinstance.py:1042} INFO - 
--------------------------------------------------------------------------------
[2024-05-26 18:50:45,953] {taskinstance.py:1043} INFO - Starting attempt 1 of 6
[2024-05-26 18:50:45,953] {taskinstance.py:1044} INFO - 
--------------------------------------------------------------------------------
[2024-05-26 18:50:45,961] {taskinstance.py:1063} INFO - Executing <Task(PythonOperator): scrap_cnn> on 2024-05-25T00:00:00+00:00
[2024-05-26 18:50:45,964] {standard_task_runner.py:52} INFO - Started process 167 to run task
[2024-05-26 18:50:45,968] {standard_task_runner.py:76} INFO - Running: ['airflow', 'tasks', 'run', 'get_new_data', 'scrap_cnn', '2024-05-25T00:00:00+00:00', '--job-id', '355', '--pool', 'default_pool', '--raw', '--subdir', 'DAGS_FOLDER/get_new_data.py', '--cfg-path', '/tmp/tmpil3mdkod', '--error-file', '/tmp/tmpb6fkdk0e']
[2024-05-26 18:50:45,970] {standard_task_runner.py:77} INFO - Job 355: Subtask scrap_cnn
[2024-05-26 18:50:46,011] {logging_mixin.py:104} INFO - Running <TaskInstance: get_new_data.scrap_cnn 2024-05-25T00:00:00+00:00 [running]> on host 6a7718113559
[2024-05-26 18:50:46,043] {taskinstance.py:1257} INFO - Exporting the following env vars:
AIRFLOW_CTX_DAG_OWNER=airflow
AIRFLOW_CTX_DAG_ID=get_new_data
AIRFLOW_CTX_TASK_ID=scrap_cnn
AIRFLOW_CTX_EXECUTION_DATE=2024-05-25T00:00:00+00:00
AIRFLOW_CTX_DAG_RUN_ID=scheduled__2024-05-25T00:00:00+00:00
[2024-05-26 18:53:24,584] {python.py:118} INFO - Done. Returned value was: None
[2024-05-26 18:53:24,591] {taskinstance.py:1166} INFO - Marking task as SUCCESS. dag_id=get_new_data, task_id=scrap_cnn, execution_date=20240525T000000, start_date=20240526T185045, end_date=20240526T185324
[2024-05-26 18:53:24,622] {taskinstance.py:1220} INFO - 1 downstream tasks scheduled from follow-on schedule check
[2024-05-26 18:53:24,667] {local_task_job.py:146} INFO - Task exited with return code 0
[2024-05-26 18:59:26,750] {taskinstance.py:851} INFO - Dependencies all met for <TaskInstance: get_new_data.scrap_cnn 2024-05-25T00:00:00+00:00 [queued]>
[2024-05-26 18:59:26,757] {taskinstance.py:851} INFO - Dependencies all met for <TaskInstance: get_new_data.scrap_cnn 2024-05-25T00:00:00+00:00 [queued]>
[2024-05-26 18:59:26,759] {taskinstance.py:1042} INFO - 
--------------------------------------------------------------------------------
[2024-05-26 18:59:26,759] {taskinstance.py:1043} INFO - Starting attempt 1 of 6
[2024-05-26 18:59:26,759] {taskinstance.py:1044} INFO - 
--------------------------------------------------------------------------------
[2024-05-26 18:59:26,769] {taskinstance.py:1063} INFO - Executing <Task(PythonOperator): scrap_cnn> on 2024-05-25T00:00:00+00:00
[2024-05-26 18:59:26,773] {standard_task_runner.py:52} INFO - Started process 183 to run task
[2024-05-26 18:59:26,777] {standard_task_runner.py:76} INFO - Running: ['airflow', 'tasks', 'run', 'get_new_data', 'scrap_cnn', '2024-05-25T00:00:00+00:00', '--job-id', '360', '--pool', 'default_pool', '--raw', '--subdir', 'DAGS_FOLDER/get_new_data.py', '--cfg-path', '/tmp/tmppr70bdm_', '--error-file', '/tmp/tmpmdyamcvf']
[2024-05-26 18:59:26,781] {standard_task_runner.py:77} INFO - Job 360: Subtask scrap_cnn
[2024-05-26 18:59:26,816] {logging_mixin.py:104} INFO - Running <TaskInstance: get_new_data.scrap_cnn 2024-05-25T00:00:00+00:00 [running]> on host 6a7718113559
[2024-05-26 18:59:26,859] {taskinstance.py:1257} INFO - Exporting the following env vars:
AIRFLOW_CTX_DAG_OWNER=airflow
AIRFLOW_CTX_DAG_ID=get_new_data
AIRFLOW_CTX_TASK_ID=scrap_cnn
AIRFLOW_CTX_EXECUTION_DATE=2024-05-25T00:00:00+00:00
AIRFLOW_CTX_DAG_RUN_ID=scheduled__2024-05-25T00:00:00+00:00
[2024-05-26 19:01:57,548] {python.py:118} INFO - Done. Returned value was: None
[2024-05-26 19:01:57,556] {taskinstance.py:1166} INFO - Marking task as SUCCESS. dag_id=get_new_data, task_id=scrap_cnn, execution_date=20240525T000000, start_date=20240526T185926, end_date=20240526T190157
[2024-05-26 19:01:57,581] {taskinstance.py:1220} INFO - 1 downstream tasks scheduled from follow-on schedule check
[2024-05-26 19:01:57,632] {local_task_job.py:146} INFO - Task exited with return code 0
[2024-05-26 20:38:23,414] {taskinstance.py:851} INFO - Dependencies all met for <TaskInstance: get_new_data.scrap_cnn 2024-05-25T00:00:00+00:00 [queued]>
[2024-05-26 20:38:23,424] {taskinstance.py:851} INFO - Dependencies all met for <TaskInstance: get_new_data.scrap_cnn 2024-05-25T00:00:00+00:00 [queued]>
[2024-05-26 20:38:23,425] {taskinstance.py:1042} INFO - 
--------------------------------------------------------------------------------
[2024-05-26 20:38:23,425] {taskinstance.py:1043} INFO - Starting attempt 1 of 6
[2024-05-26 20:38:23,425] {taskinstance.py:1044} INFO - 
--------------------------------------------------------------------------------
[2024-05-26 20:38:23,436] {taskinstance.py:1063} INFO - Executing <Task(PythonOperator): scrap_cnn> on 2024-05-25T00:00:00+00:00
[2024-05-26 20:38:23,439] {standard_task_runner.py:52} INFO - Started process 173 to run task
[2024-05-26 20:38:23,443] {standard_task_runner.py:76} INFO - Running: ['airflow', 'tasks', 'run', 'get_new_data', 'scrap_cnn', '2024-05-25T00:00:00+00:00', '--job-id', '366', '--pool', 'default_pool', '--raw', '--subdir', 'DAGS_FOLDER/get_new_data.py', '--cfg-path', '/tmp/tmp4pvcav2h', '--error-file', '/tmp/tmpsk5_n6ia']
[2024-05-26 20:38:23,447] {standard_task_runner.py:77} INFO - Job 366: Subtask scrap_cnn
[2024-05-26 20:38:23,490] {logging_mixin.py:104} INFO - Running <TaskInstance: get_new_data.scrap_cnn 2024-05-25T00:00:00+00:00 [running]> on host 06b5cfaac1da
[2024-05-26 20:38:23,534] {taskinstance.py:1257} INFO - Exporting the following env vars:
AIRFLOW_CTX_DAG_OWNER=airflow
AIRFLOW_CTX_DAG_ID=get_new_data
AIRFLOW_CTX_TASK_ID=scrap_cnn
AIRFLOW_CTX_EXECUTION_DATE=2024-05-25T00:00:00+00:00
AIRFLOW_CTX_DAG_RUN_ID=scheduled__2024-05-25T00:00:00+00:00
[2024-05-26 20:38:23,545] {taskinstance.py:1455} ERROR - HTTPConnectionPool(host='cnn_scrapper', port=7010): Max retries exceeded with url: /extract_news (Caused by NewConnectionError('<urllib3.connection.HTTPConnection object at 0x7fffb018e908>: Failed to establish a new connection: [Errno 111] Connection refused',))
Traceback (most recent call last):
  File "/home/airflow/.local/lib/python3.6/site-packages/urllib3/connection.py", line 160, in _new_conn
    (self._dns_host, self.port), self.timeout, **extra_kw
  File "/home/airflow/.local/lib/python3.6/site-packages/urllib3/util/connection.py", line 84, in create_connection
    raise err
  File "/home/airflow/.local/lib/python3.6/site-packages/urllib3/util/connection.py", line 74, in create_connection
    sock.connect(sa)
ConnectionRefusedError: [Errno 111] Connection refused

During handling of the above exception, another exception occurred:

Traceback (most recent call last):
  File "/home/airflow/.local/lib/python3.6/site-packages/urllib3/connectionpool.py", line 677, in urlopen
    chunked=chunked,
  File "/home/airflow/.local/lib/python3.6/site-packages/urllib3/connectionpool.py", line 392, in _make_request
    conn.request(method, url, **httplib_request_kw)
  File "/usr/local/lib/python3.6/http/client.py", line 1291, in request
    self._send_request(method, url, body, headers, encode_chunked)
  File "/usr/local/lib/python3.6/http/client.py", line 1337, in _send_request
    self.endheaders(body, encode_chunked=encode_chunked)
  File "/usr/local/lib/python3.6/http/client.py", line 1286, in endheaders
    self._send_output(message_body, encode_chunked=encode_chunked)
  File "/usr/local/lib/python3.6/http/client.py", line 1046, in _send_output
    self.send(msg)
  File "/usr/local/lib/python3.6/http/client.py", line 984, in send
    self.connect()
  File "/home/airflow/.local/lib/python3.6/site-packages/urllib3/connection.py", line 187, in connect
    conn = self._new_conn()
  File "/home/airflow/.local/lib/python3.6/site-packages/urllib3/connection.py", line 172, in _new_conn
    self, "Failed to establish a new connection: %s" % e
urllib3.exceptions.NewConnectionError: <urllib3.connection.HTTPConnection object at 0x7fffb018e908>: Failed to establish a new connection: [Errno 111] Connection refused

During handling of the above exception, another exception occurred:

Traceback (most recent call last):
  File "/home/airflow/.local/lib/python3.6/site-packages/requests/adapters.py", line 449, in send
    timeout=timeout
  File "/home/airflow/.local/lib/python3.6/site-packages/urllib3/connectionpool.py", line 727, in urlopen
    method, url, error=e, _pool=self, _stacktrace=sys.exc_info()[2]
  File "/home/airflow/.local/lib/python3.6/site-packages/urllib3/util/retry.py", line 446, in increment
    raise MaxRetryError(_pool, url, error or ResponseError(cause))
urllib3.exceptions.MaxRetryError: HTTPConnectionPool(host='cnn_scrapper', port=7010): Max retries exceeded with url: /extract_news (Caused by NewConnectionError('<urllib3.connection.HTTPConnection object at 0x7fffb018e908>: Failed to establish a new connection: [Errno 111] Connection refused',))

During handling of the above exception, another exception occurred:

Traceback (most recent call last):
  File "/home/airflow/.local/lib/python3.6/site-packages/airflow/models/taskinstance.py", line 1112, in _run_raw_task
    self._prepare_and_execute_task_with_callbacks(context, task)
  File "/home/airflow/.local/lib/python3.6/site-packages/airflow/models/taskinstance.py", line 1285, in _prepare_and_execute_task_with_callbacks
    result = self._execute_task(context, task_copy)
  File "/home/airflow/.local/lib/python3.6/site-packages/airflow/models/taskinstance.py", line 1315, in _execute_task
    result = task_copy.execute(context=context)
  File "/home/airflow/.local/lib/python3.6/site-packages/airflow/operators/python.py", line 117, in execute
    return_value = self.execute_callable()
  File "/home/airflow/.local/lib/python3.6/site-packages/airflow/operators/python.py", line 128, in execute_callable
    return self.python_callable(*self.op_args, **self.op_kwargs)
  File "/opt/airflow/dags/get_new_data.py", line 20, in scrap_cnn
    response = requests.get(cnn_scrapper_endpoint + '/extract_news')
  File "/home/airflow/.local/lib/python3.6/site-packages/requests/api.py", line 76, in get
    return request('get', url, params=params, **kwargs)
  File "/home/airflow/.local/lib/python3.6/site-packages/requests/api.py", line 61, in request
    return session.request(method=method, url=url, **kwargs)
  File "/home/airflow/.local/lib/python3.6/site-packages/requests/sessions.py", line 542, in request
    resp = self.send(prep, **send_kwargs)
  File "/home/airflow/.local/lib/python3.6/site-packages/requests/sessions.py", line 655, in send
    r = adapter.send(request, **kwargs)
  File "/home/airflow/.local/lib/python3.6/site-packages/requests/adapters.py", line 516, in send
    raise ConnectionError(e, request=request)
requests.exceptions.ConnectionError: HTTPConnectionPool(host='cnn_scrapper', port=7010): Max retries exceeded with url: /extract_news (Caused by NewConnectionError('<urllib3.connection.HTTPConnection object at 0x7fffb018e908>: Failed to establish a new connection: [Errno 111] Connection refused',))
[2024-05-26 20:38:23,552] {taskinstance.py:1503} INFO - Marking task as UP_FOR_RETRY. dag_id=get_new_data, task_id=scrap_cnn, execution_date=20240525T000000, start_date=20240526T203823, end_date=20240526T203823
[2024-05-26 20:38:23,585] {local_task_job.py:146} INFO - Task exited with return code 1
[2024-05-26 20:56:20,903] {taskinstance.py:851} INFO - Dependencies all met for <TaskInstance: get_new_data.scrap_cnn 2024-05-25T00:00:00+00:00 [queued]>
[2024-05-26 20:56:20,915] {taskinstance.py:851} INFO - Dependencies all met for <TaskInstance: get_new_data.scrap_cnn 2024-05-25T00:00:00+00:00 [queued]>
[2024-05-26 20:56:20,915] {taskinstance.py:1042} INFO - 
--------------------------------------------------------------------------------
[2024-05-26 20:56:20,915] {taskinstance.py:1043} INFO - Starting attempt 1 of 6
[2024-05-26 20:56:20,916] {taskinstance.py:1044} INFO - 
--------------------------------------------------------------------------------
[2024-05-26 20:56:20,922] {taskinstance.py:1063} INFO - Executing <Task(PythonOperator): scrap_cnn> on 2024-05-25T00:00:00+00:00
[2024-05-26 20:56:20,926] {standard_task_runner.py:52} INFO - Started process 168 to run task
[2024-05-26 20:56:20,932] {standard_task_runner.py:76} INFO - Running: ['airflow', 'tasks', 'run', 'get_new_data', 'scrap_cnn', '2024-05-25T00:00:00+00:00', '--job-id', '377', '--pool', 'default_pool', '--raw', '--subdir', 'DAGS_FOLDER/get_new_data.py', '--cfg-path', '/tmp/tmptpwqdy49', '--error-file', '/tmp/tmpug7y6mpi']
[2024-05-26 20:56:20,935] {standard_task_runner.py:77} INFO - Job 377: Subtask scrap_cnn
[2024-05-26 20:56:20,966] {logging_mixin.py:104} INFO - Running <TaskInstance: get_new_data.scrap_cnn 2024-05-25T00:00:00+00:00 [running]> on host c9e4a6327691
[2024-05-26 20:56:21,001] {taskinstance.py:1257} INFO - Exporting the following env vars:
AIRFLOW_CTX_DAG_OWNER=airflow
AIRFLOW_CTX_DAG_ID=get_new_data
AIRFLOW_CTX_TASK_ID=scrap_cnn
AIRFLOW_CTX_EXECUTION_DATE=2024-05-25T00:00:00+00:00
AIRFLOW_CTX_DAG_RUN_ID=scheduled__2024-05-25T00:00:00+00:00
[2024-05-26 20:56:21,074] {taskinstance.py:1455} ERROR - HTTPConnectionPool(host='cnn_scrapper', port=7010): Max retries exceeded with url: /extract_news (Caused by NewConnectionError('<urllib3.connection.HTTPConnection object at 0x7fffb021feb8>: Failed to establish a new connection: [Errno -2] Name or service not known',))
Traceback (most recent call last):
  File "/home/airflow/.local/lib/python3.6/site-packages/urllib3/connection.py", line 160, in _new_conn
    (self._dns_host, self.port), self.timeout, **extra_kw
  File "/home/airflow/.local/lib/python3.6/site-packages/urllib3/util/connection.py", line 61, in create_connection
    for res in socket.getaddrinfo(host, port, family, socket.SOCK_STREAM):
  File "/usr/local/lib/python3.6/socket.py", line 745, in getaddrinfo
    for res in _socket.getaddrinfo(host, port, family, type, proto, flags):
socket.gaierror: [Errno -2] Name or service not known

During handling of the above exception, another exception occurred:

Traceback (most recent call last):
  File "/home/airflow/.local/lib/python3.6/site-packages/urllib3/connectionpool.py", line 677, in urlopen
    chunked=chunked,
  File "/home/airflow/.local/lib/python3.6/site-packages/urllib3/connectionpool.py", line 392, in _make_request
    conn.request(method, url, **httplib_request_kw)
  File "/usr/local/lib/python3.6/http/client.py", line 1291, in request
    self._send_request(method, url, body, headers, encode_chunked)
  File "/usr/local/lib/python3.6/http/client.py", line 1337, in _send_request
    self.endheaders(body, encode_chunked=encode_chunked)
  File "/usr/local/lib/python3.6/http/client.py", line 1286, in endheaders
    self._send_output(message_body, encode_chunked=encode_chunked)
  File "/usr/local/lib/python3.6/http/client.py", line 1046, in _send_output
    self.send(msg)
  File "/usr/local/lib/python3.6/http/client.py", line 984, in send
    self.connect()
  File "/home/airflow/.local/lib/python3.6/site-packages/urllib3/connection.py", line 187, in connect
    conn = self._new_conn()
  File "/home/airflow/.local/lib/python3.6/site-packages/urllib3/connection.py", line 172, in _new_conn
    self, "Failed to establish a new connection: %s" % e
urllib3.exceptions.NewConnectionError: <urllib3.connection.HTTPConnection object at 0x7fffb021feb8>: Failed to establish a new connection: [Errno -2] Name or service not known

During handling of the above exception, another exception occurred:

Traceback (most recent call last):
  File "/home/airflow/.local/lib/python3.6/site-packages/requests/adapters.py", line 449, in send
    timeout=timeout
  File "/home/airflow/.local/lib/python3.6/site-packages/urllib3/connectionpool.py", line 727, in urlopen
    method, url, error=e, _pool=self, _stacktrace=sys.exc_info()[2]
  File "/home/airflow/.local/lib/python3.6/site-packages/urllib3/util/retry.py", line 446, in increment
    raise MaxRetryError(_pool, url, error or ResponseError(cause))
urllib3.exceptions.MaxRetryError: HTTPConnectionPool(host='cnn_scrapper', port=7010): Max retries exceeded with url: /extract_news (Caused by NewConnectionError('<urllib3.connection.HTTPConnection object at 0x7fffb021feb8>: Failed to establish a new connection: [Errno -2] Name or service not known',))

During handling of the above exception, another exception occurred:

Traceback (most recent call last):
  File "/home/airflow/.local/lib/python3.6/site-packages/airflow/models/taskinstance.py", line 1112, in _run_raw_task
    self._prepare_and_execute_task_with_callbacks(context, task)
  File "/home/airflow/.local/lib/python3.6/site-packages/airflow/models/taskinstance.py", line 1285, in _prepare_and_execute_task_with_callbacks
    result = self._execute_task(context, task_copy)
  File "/home/airflow/.local/lib/python3.6/site-packages/airflow/models/taskinstance.py", line 1315, in _execute_task
    result = task_copy.execute(context=context)
  File "/home/airflow/.local/lib/python3.6/site-packages/airflow/operators/python.py", line 117, in execute
    return_value = self.execute_callable()
  File "/home/airflow/.local/lib/python3.6/site-packages/airflow/operators/python.py", line 128, in execute_callable
    return self.python_callable(*self.op_args, **self.op_kwargs)
  File "/opt/airflow/dags/get_new_data.py", line 20, in scrap_cnn
    response = requests.get(cnn_scrapper_endpoint + '/extract_news')
  File "/home/airflow/.local/lib/python3.6/site-packages/requests/api.py", line 76, in get
    return request('get', url, params=params, **kwargs)
  File "/home/airflow/.local/lib/python3.6/site-packages/requests/api.py", line 61, in request
    return session.request(method=method, url=url, **kwargs)
  File "/home/airflow/.local/lib/python3.6/site-packages/requests/sessions.py", line 542, in request
    resp = self.send(prep, **send_kwargs)
  File "/home/airflow/.local/lib/python3.6/site-packages/requests/sessions.py", line 655, in send
    r = adapter.send(request, **kwargs)
  File "/home/airflow/.local/lib/python3.6/site-packages/requests/adapters.py", line 516, in send
    raise ConnectionError(e, request=request)
requests.exceptions.ConnectionError: HTTPConnectionPool(host='cnn_scrapper', port=7010): Max retries exceeded with url: /extract_news (Caused by NewConnectionError('<urllib3.connection.HTTPConnection object at 0x7fffb021feb8>: Failed to establish a new connection: [Errno -2] Name or service not known',))
[2024-05-26 20:56:21,081] {taskinstance.py:1503} INFO - Marking task as UP_FOR_RETRY. dag_id=get_new_data, task_id=scrap_cnn, execution_date=20240525T000000, start_date=20240526T205620, end_date=20240526T205621
[2024-05-26 20:56:21,111] {local_task_job.py:146} INFO - Task exited with return code 1
[2024-05-26 20:58:23,004] {taskinstance.py:851} INFO - Dependencies all met for <TaskInstance: get_new_data.scrap_cnn 2024-05-25T00:00:00+00:00 [queued]>
[2024-05-26 20:58:23,016] {taskinstance.py:851} INFO - Dependencies all met for <TaskInstance: get_new_data.scrap_cnn 2024-05-25T00:00:00+00:00 [queued]>
[2024-05-26 20:58:23,016] {taskinstance.py:1042} INFO - 
--------------------------------------------------------------------------------
[2024-05-26 20:58:23,017] {taskinstance.py:1043} INFO - Starting attempt 1 of 6
[2024-05-26 20:58:23,017] {taskinstance.py:1044} INFO - 
--------------------------------------------------------------------------------
[2024-05-26 20:58:23,023] {taskinstance.py:1063} INFO - Executing <Task(PythonOperator): scrap_cnn> on 2024-05-25T00:00:00+00:00
[2024-05-26 20:58:23,029] {standard_task_runner.py:52} INFO - Started process 167 to run task
[2024-05-26 20:58:23,033] {standard_task_runner.py:76} INFO - Running: ['airflow', 'tasks', 'run', 'get_new_data', 'scrap_cnn', '2024-05-25T00:00:00+00:00', '--job-id', '380', '--pool', 'default_pool', '--raw', '--subdir', 'DAGS_FOLDER/get_new_data.py', '--cfg-path', '/tmp/tmptit3risb', '--error-file', '/tmp/tmphf70a7m2']
[2024-05-26 20:58:23,036] {standard_task_runner.py:77} INFO - Job 380: Subtask scrap_cnn
[2024-05-26 20:58:23,073] {logging_mixin.py:104} INFO - Running <TaskInstance: get_new_data.scrap_cnn 2024-05-25T00:00:00+00:00 [running]> on host ff5273ee61d8
[2024-05-26 20:58:23,111] {taskinstance.py:1257} INFO - Exporting the following env vars:
AIRFLOW_CTX_DAG_OWNER=airflow
AIRFLOW_CTX_DAG_ID=get_new_data
AIRFLOW_CTX_TASK_ID=scrap_cnn
AIRFLOW_CTX_EXECUTION_DATE=2024-05-25T00:00:00+00:00
AIRFLOW_CTX_DAG_RUN_ID=scheduled__2024-05-25T00:00:00+00:00
[2024-05-26 21:01:08,615] {python.py:118} INFO - Done. Returned value was: None
[2024-05-26 21:01:08,624] {taskinstance.py:1166} INFO - Marking task as SUCCESS. dag_id=get_new_data, task_id=scrap_cnn, execution_date=20240525T000000, start_date=20240526T205823, end_date=20240526T210108
[2024-05-26 21:01:08,665] {taskinstance.py:1220} INFO - 1 downstream tasks scheduled from follow-on schedule check
[2024-05-26 21:01:08,688] {local_task_job.py:146} INFO - Task exited with return code 0
[2024-05-26 21:04:11,617] {taskinstance.py:851} INFO - Dependencies all met for <TaskInstance: get_new_data.scrap_cnn 2024-05-25T00:00:00+00:00 [queued]>
[2024-05-26 21:04:11,629] {taskinstance.py:851} INFO - Dependencies all met for <TaskInstance: get_new_data.scrap_cnn 2024-05-25T00:00:00+00:00 [queued]>
[2024-05-26 21:04:11,629] {taskinstance.py:1042} INFO - 
--------------------------------------------------------------------------------
[2024-05-26 21:04:11,629] {taskinstance.py:1043} INFO - Starting attempt 1 of 6
[2024-05-26 21:04:11,630] {taskinstance.py:1044} INFO - 
--------------------------------------------------------------------------------
[2024-05-26 21:04:11,636] {taskinstance.py:1063} INFO - Executing <Task(PythonOperator): scrap_cnn> on 2024-05-25T00:00:00+00:00
[2024-05-26 21:04:11,640] {standard_task_runner.py:52} INFO - Started process 168 to run task
[2024-05-26 21:04:11,643] {standard_task_runner.py:76} INFO - Running: ['airflow', 'tasks', 'run', 'get_new_data', 'scrap_cnn', '2024-05-25T00:00:00+00:00', '--job-id', '385', '--pool', 'default_pool', '--raw', '--subdir', 'DAGS_FOLDER/get_new_data.py', '--cfg-path', '/tmp/tmpx89w63lg', '--error-file', '/tmp/tmprnl1edxs']
[2024-05-26 21:04:11,647] {standard_task_runner.py:77} INFO - Job 385: Subtask scrap_cnn
[2024-05-26 21:04:11,692] {logging_mixin.py:104} INFO - Running <TaskInstance: get_new_data.scrap_cnn 2024-05-25T00:00:00+00:00 [running]> on host ff5273ee61d8
[2024-05-26 21:04:11,739] {taskinstance.py:1257} INFO - Exporting the following env vars:
AIRFLOW_CTX_DAG_OWNER=airflow
AIRFLOW_CTX_DAG_ID=get_new_data
AIRFLOW_CTX_TASK_ID=scrap_cnn
AIRFLOW_CTX_EXECUTION_DATE=2024-05-25T00:00:00+00:00
AIRFLOW_CTX_DAG_RUN_ID=scheduled__2024-05-25T00:00:00+00:00
[2024-05-26 21:06:30,782] {python.py:118} INFO - Done. Returned value was: None
[2024-05-26 21:06:30,792] {taskinstance.py:1166} INFO - Marking task as SUCCESS. dag_id=get_new_data, task_id=scrap_cnn, execution_date=20240525T000000, start_date=20240526T210411, end_date=20240526T210630
[2024-05-26 21:06:30,826] {taskinstance.py:1220} INFO - 1 downstream tasks scheduled from follow-on schedule check
[2024-05-26 21:06:30,857] {local_task_job.py:146} INFO - Task exited with return code 0
[2024-05-28 16:24:18,847] {taskinstance.py:851} INFO - Dependencies all met for <TaskInstance: get_new_data.scrap_cnn 2024-05-25T00:00:00+00:00 [queued]>
[2024-05-28 16:24:18,861] {taskinstance.py:851} INFO - Dependencies all met for <TaskInstance: get_new_data.scrap_cnn 2024-05-25T00:00:00+00:00 [queued]>
[2024-05-28 16:24:18,862] {taskinstance.py:1042} INFO - 
--------------------------------------------------------------------------------
[2024-05-28 16:24:18,864] {taskinstance.py:1043} INFO - Starting attempt 1 of 6
[2024-05-28 16:24:18,865] {taskinstance.py:1044} INFO - 
--------------------------------------------------------------------------------
[2024-05-28 16:24:18,872] {taskinstance.py:1063} INFO - Executing <Task(PythonOperator): scrap_cnn> on 2024-05-25T00:00:00+00:00
[2024-05-28 16:24:18,878] {standard_task_runner.py:52} INFO - Started process 207 to run task
[2024-05-28 16:24:18,885] {standard_task_runner.py:76} INFO - Running: ['airflow', 'tasks', 'run', 'get_new_data', 'scrap_cnn', '2024-05-25T00:00:00+00:00', '--job-id', '510', '--pool', 'default_pool', '--raw', '--subdir', 'DAGS_FOLDER/get_new_data.py', '--cfg-path', '/tmp/tmpljbq_788', '--error-file', '/tmp/tmpo1lodjol']
[2024-05-28 16:24:18,890] {standard_task_runner.py:77} INFO - Job 510: Subtask scrap_cnn
[2024-05-28 16:24:18,962] {logging_mixin.py:104} INFO - Running <TaskInstance: get_new_data.scrap_cnn 2024-05-25T00:00:00+00:00 [running]> on host a3c9b0e21f74
[2024-05-28 16:24:19,002] {taskinstance.py:1257} INFO - Exporting the following env vars:
AIRFLOW_CTX_DAG_OWNER=airflow
AIRFLOW_CTX_DAG_ID=get_new_data
AIRFLOW_CTX_TASK_ID=scrap_cnn
AIRFLOW_CTX_EXECUTION_DATE=2024-05-25T00:00:00+00:00
AIRFLOW_CTX_DAG_RUN_ID=scheduled__2024-05-25T00:00:00+00:00
[2024-05-28 16:25:44,930] {local_task_job.py:188} WARNING - State of this instance has been externally set to None. Terminating instance.
[2024-05-28 16:25:44,940] {process_utils.py:100} INFO - Sending Signals.SIGTERM to GPID 207
[2024-05-28 16:25:44,945] {taskinstance.py:1239} ERROR - Received SIGTERM. Terminating subprocesses.
[2024-05-28 16:25:44,983] {taskinstance.py:1455} ERROR - Task received SIGTERM signal
Traceback (most recent call last):
  File "/home/airflow/.local/lib/python3.6/site-packages/airflow/models/taskinstance.py", line 1112, in _run_raw_task
    self._prepare_and_execute_task_with_callbacks(context, task)
  File "/home/airflow/.local/lib/python3.6/site-packages/airflow/models/taskinstance.py", line 1285, in _prepare_and_execute_task_with_callbacks
    result = self._execute_task(context, task_copy)
  File "/home/airflow/.local/lib/python3.6/site-packages/airflow/models/taskinstance.py", line 1315, in _execute_task
    result = task_copy.execute(context=context)
  File "/home/airflow/.local/lib/python3.6/site-packages/airflow/operators/python.py", line 117, in execute
    return_value = self.execute_callable()
  File "/home/airflow/.local/lib/python3.6/site-packages/airflow/operators/python.py", line 128, in execute_callable
    return self.python_callable(*self.op_args, **self.op_kwargs)
  File "/opt/airflow/dags/get_new_data.py", line 20, in scrap_cnn
    response = requests.get(cnn_scrapper_url + '/extract_news')
  File "/home/airflow/.local/lib/python3.6/site-packages/requests/api.py", line 76, in get
    return request('get', url, params=params, **kwargs)
  File "/home/airflow/.local/lib/python3.6/site-packages/requests/api.py", line 61, in request
    return session.request(method=method, url=url, **kwargs)
  File "/home/airflow/.local/lib/python3.6/site-packages/requests/sessions.py", line 542, in request
    resp = self.send(prep, **send_kwargs)
  File "/home/airflow/.local/lib/python3.6/site-packages/requests/sessions.py", line 655, in send
    r = adapter.send(request, **kwargs)
  File "/home/airflow/.local/lib/python3.6/site-packages/requests/adapters.py", line 449, in send
    timeout=timeout
  File "/home/airflow/.local/lib/python3.6/site-packages/urllib3/connectionpool.py", line 677, in urlopen
    chunked=chunked,
  File "/home/airflow/.local/lib/python3.6/site-packages/urllib3/connectionpool.py", line 426, in _make_request
    six.raise_from(e, None)
  File "<string>", line 3, in raise_from
  File "/home/airflow/.local/lib/python3.6/site-packages/urllib3/connectionpool.py", line 421, in _make_request
    httplib_response = conn.getresponse()
  File "/usr/local/lib/python3.6/http/client.py", line 1383, in getresponse
    response.begin()
  File "/usr/local/lib/python3.6/http/client.py", line 320, in begin
    version, status, reason = self._read_status()
  File "/usr/local/lib/python3.6/http/client.py", line 281, in _read_status
    line = str(self.fp.readline(_MAXLINE + 1), "iso-8859-1")
  File "/usr/local/lib/python3.6/socket.py", line 586, in readinto
    return self._sock.recv_into(b)
  File "/home/airflow/.local/lib/python3.6/site-packages/airflow/models/taskinstance.py", line 1241, in signal_handler
    raise AirflowException("Task received SIGTERM signal")
airflow.exceptions.AirflowException: Task received SIGTERM signal
[2024-05-28 16:25:44,994] {taskinstance.py:1503} INFO - Marking task as UP_FOR_RETRY. dag_id=get_new_data, task_id=scrap_cnn, execution_date=20240525T000000, start_date=20240528T162418, end_date=20240528T162544
[2024-05-28 16:25:45,041] {process_utils.py:66} INFO - Process psutil.Process(pid=207, status='terminated', exitcode=1, started='16:24:18') (207) terminated with exit code 1
[2024-06-09 14:22:11,983] {taskinstance.py:851} INFO - Dependencies all met for <TaskInstance: get_new_data.scrap_cnn 2024-05-25T00:00:00+00:00 [queued]>
[2024-06-09 14:22:12,031] {taskinstance.py:851} INFO - Dependencies all met for <TaskInstance: get_new_data.scrap_cnn 2024-05-25T00:00:00+00:00 [queued]>
[2024-06-09 14:22:12,032] {taskinstance.py:1042} INFO - 
--------------------------------------------------------------------------------
[2024-06-09 14:22:12,032] {taskinstance.py:1043} INFO - Starting attempt 1 of 6
[2024-06-09 14:22:12,033] {taskinstance.py:1044} INFO - 
--------------------------------------------------------------------------------
[2024-06-09 14:22:12,092] {taskinstance.py:1063} INFO - Executing <Task(PythonOperator): scrap_cnn> on 2024-05-25T00:00:00+00:00
[2024-06-09 14:22:12,171] {standard_task_runner.py:52} INFO - Started process 213 to run task
[2024-06-09 14:22:12,203] {standard_task_runner.py:76} INFO - Running: ['airflow', 'tasks', 'run', 'get_new_data', 'scrap_cnn', '2024-05-25T00:00:00+00:00', '--job-id', '67', '--pool', 'default_pool', '--raw', '--subdir', 'DAGS_FOLDER/get_new_data.py', '--cfg-path', '/tmp/tmp0uml_jt3', '--error-file', '/tmp/tmpwzqclugj']
[2024-06-09 14:22:12,232] {standard_task_runner.py:77} INFO - Job 67: Subtask scrap_cnn
[2024-06-09 14:22:12,465] {logging_mixin.py:104} INFO - Running <TaskInstance: get_new_data.scrap_cnn 2024-05-25T00:00:00+00:00 [running]> on host 05b5c9495664
[2024-06-09 14:22:12,655] {taskinstance.py:1257} INFO - Exporting the following env vars:
AIRFLOW_CTX_DAG_OWNER=airflow
AIRFLOW_CTX_DAG_ID=get_new_data
AIRFLOW_CTX_TASK_ID=scrap_cnn
AIRFLOW_CTX_EXECUTION_DATE=2024-05-25T00:00:00+00:00
AIRFLOW_CTX_DAG_RUN_ID=scheduled__2024-05-25T00:00:00+00:00
[2024-06-09 14:23:23,124] {local_task_job.py:188} WARNING - State of this instance has been externally set to None. Terminating instance.
[2024-06-09 14:23:23,165] {process_utils.py:100} INFO - Sending Signals.SIGTERM to GPID 213
[2024-06-09 14:23:23,174] {taskinstance.py:1239} ERROR - Received SIGTERM. Terminating subprocesses.
[2024-06-09 14:23:23,253] {taskinstance.py:1455} ERROR - Task received SIGTERM signal
Traceback (most recent call last):
  File "/home/airflow/.local/lib/python3.6/site-packages/airflow/models/taskinstance.py", line 1112, in _run_raw_task
    self._prepare_and_execute_task_with_callbacks(context, task)
  File "/home/airflow/.local/lib/python3.6/site-packages/airflow/models/taskinstance.py", line 1285, in _prepare_and_execute_task_with_callbacks
    result = self._execute_task(context, task_copy)
  File "/home/airflow/.local/lib/python3.6/site-packages/airflow/models/taskinstance.py", line 1315, in _execute_task
    result = task_copy.execute(context=context)
  File "/home/airflow/.local/lib/python3.6/site-packages/airflow/operators/python.py", line 117, in execute
    return_value = self.execute_callable()
  File "/home/airflow/.local/lib/python3.6/site-packages/airflow/operators/python.py", line 128, in execute_callable
    return self.python_callable(*self.op_args, **self.op_kwargs)
  File "/opt/airflow/dags/get_new_data.py", line 21, in scrap_cnn
    response = requests.get(cnn_scrapper_url + '/extract_news')
  File "/home/airflow/.local/lib/python3.6/site-packages/requests/api.py", line 76, in get
    return request('get', url, params=params, **kwargs)
  File "/home/airflow/.local/lib/python3.6/site-packages/requests/api.py", line 61, in request
    return session.request(method=method, url=url, **kwargs)
  File "/home/airflow/.local/lib/python3.6/site-packages/requests/sessions.py", line 542, in request
    resp = self.send(prep, **send_kwargs)
  File "/home/airflow/.local/lib/python3.6/site-packages/requests/sessions.py", line 655, in send
    r = adapter.send(request, **kwargs)
  File "/home/airflow/.local/lib/python3.6/site-packages/requests/adapters.py", line 449, in send
    timeout=timeout
  File "/home/airflow/.local/lib/python3.6/site-packages/urllib3/connectionpool.py", line 677, in urlopen
    chunked=chunked,
  File "/home/airflow/.local/lib/python3.6/site-packages/urllib3/connectionpool.py", line 426, in _make_request
    six.raise_from(e, None)
  File "<string>", line 3, in raise_from
  File "/home/airflow/.local/lib/python3.6/site-packages/urllib3/connectionpool.py", line 421, in _make_request
    httplib_response = conn.getresponse()
  File "/usr/local/lib/python3.6/http/client.py", line 1383, in getresponse
    response.begin()
  File "/usr/local/lib/python3.6/http/client.py", line 320, in begin
    version, status, reason = self._read_status()
  File "/usr/local/lib/python3.6/http/client.py", line 281, in _read_status
    line = str(self.fp.readline(_MAXLINE + 1), "iso-8859-1")
  File "/usr/local/lib/python3.6/socket.py", line 586, in readinto
    return self._sock.recv_into(b)
  File "/home/airflow/.local/lib/python3.6/site-packages/airflow/models/taskinstance.py", line 1241, in signal_handler
    raise AirflowException("Task received SIGTERM signal")
airflow.exceptions.AirflowException: Task received SIGTERM signal
[2024-06-09 14:23:23,285] {taskinstance.py:1503} INFO - Marking task as UP_FOR_RETRY. dag_id=get_new_data, task_id=scrap_cnn, execution_date=20240525T000000, start_date=20240609T142212, end_date=20240609T142323
[2024-06-09 14:23:23,356] {process_utils.py:66} INFO - Process psutil.Process(pid=213, status='terminated', exitcode=1, started='14:22:12') (213) terminated with exit code 1
