[2024-05-26 17:40:41,915] {taskinstance.py:851} INFO - Dependencies all met for <TaskInstance: get_new_data.save_into_db 2024-05-25T00:00:00+00:00 [queued]>
[2024-05-26 17:40:41,924] {taskinstance.py:851} INFO - Dependencies all met for <TaskInstance: get_new_data.save_into_db 2024-05-25T00:00:00+00:00 [queued]>
[2024-05-26 17:40:41,925] {taskinstance.py:1042} INFO - 
--------------------------------------------------------------------------------
[2024-05-26 17:40:41,925] {taskinstance.py:1043} INFO - Starting attempt 1 of 6
[2024-05-26 17:40:41,925] {taskinstance.py:1044} INFO - 
--------------------------------------------------------------------------------
[2024-05-26 17:40:41,931] {taskinstance.py:1063} INFO - Executing <Task(PythonOperator): save_into_db> on 2024-05-25T00:00:00+00:00
[2024-05-26 17:40:41,933] {standard_task_runner.py:52} INFO - Started process 237 to run task
[2024-05-26 17:40:41,937] {standard_task_runner.py:76} INFO - Running: ['airflow', 'tasks', 'run', 'get_new_data', 'save_into_db', '2024-05-25T00:00:00+00:00', '--job-id', '329', '--pool', 'default_pool', '--raw', '--subdir', 'DAGS_FOLDER/get_new_data.py', '--cfg-path', '/tmp/tmp_dqzj0zn', '--error-file', '/tmp/tmpuhofe7is']
[2024-05-26 17:40:41,939] {standard_task_runner.py:77} INFO - Job 329: Subtask save_into_db
[2024-05-26 17:40:41,967] {logging_mixin.py:104} INFO - Running <TaskInstance: get_new_data.save_into_db 2024-05-25T00:00:00+00:00 [running]> on host 6a7718113559
[2024-05-26 17:40:41,994] {taskinstance.py:1257} INFO - Exporting the following env vars:
AIRFLOW_CTX_DAG_OWNER=airflow
AIRFLOW_CTX_DAG_ID=get_new_data
AIRFLOW_CTX_TASK_ID=save_into_db
AIRFLOW_CTX_EXECUTION_DATE=2024-05-25T00:00:00+00:00
AIRFLOW_CTX_DAG_RUN_ID=scheduled__2024-05-25T00:00:00+00:00
[2024-05-26 17:40:42,023] {taskinstance.py:1455} ERROR - HTTPConnectionPool(host='db_server', port=4000): Max retries exceeded with url: /add_all_news (Caused by NewConnectionError('<urllib3.connection.HTTPConnection object at 0x7fffb0268780>: Failed to establish a new connection: [Errno -2] Name or service not known',))
Traceback (most recent call last):
  File "/home/airflow/.local/lib/python3.6/site-packages/urllib3/connection.py", line 160, in _new_conn
    (self._dns_host, self.port), self.timeout, **extra_kw
  File "/home/airflow/.local/lib/python3.6/site-packages/urllib3/util/connection.py", line 61, in create_connection
    for res in socket.getaddrinfo(host, port, family, socket.SOCK_STREAM):
  File "/usr/local/lib/python3.6/socket.py", line 745, in getaddrinfo
    for res in _socket.getaddrinfo(host, port, family, type, proto, flags):
socket.gaierror: [Errno -2] Name or service not known

During handling of the above exception, another exception occurred:

Traceback (most recent call last):
  File "/home/airflow/.local/lib/python3.6/site-packages/urllib3/connectionpool.py", line 677, in urlopen
    chunked=chunked,
  File "/home/airflow/.local/lib/python3.6/site-packages/urllib3/connectionpool.py", line 392, in _make_request
    conn.request(method, url, **httplib_request_kw)
  File "/usr/local/lib/python3.6/http/client.py", line 1291, in request
    self._send_request(method, url, body, headers, encode_chunked)
  File "/usr/local/lib/python3.6/http/client.py", line 1337, in _send_request
    self.endheaders(body, encode_chunked=encode_chunked)
  File "/usr/local/lib/python3.6/http/client.py", line 1286, in endheaders
    self._send_output(message_body, encode_chunked=encode_chunked)
  File "/usr/local/lib/python3.6/http/client.py", line 1046, in _send_output
    self.send(msg)
  File "/usr/local/lib/python3.6/http/client.py", line 984, in send
    self.connect()
  File "/home/airflow/.local/lib/python3.6/site-packages/urllib3/connection.py", line 187, in connect
    conn = self._new_conn()
  File "/home/airflow/.local/lib/python3.6/site-packages/urllib3/connection.py", line 172, in _new_conn
    self, "Failed to establish a new connection: %s" % e
urllib3.exceptions.NewConnectionError: <urllib3.connection.HTTPConnection object at 0x7fffb0268780>: Failed to establish a new connection: [Errno -2] Name or service not known

During handling of the above exception, another exception occurred:

Traceback (most recent call last):
  File "/home/airflow/.local/lib/python3.6/site-packages/requests/adapters.py", line 449, in send
    timeout=timeout
  File "/home/airflow/.local/lib/python3.6/site-packages/urllib3/connectionpool.py", line 727, in urlopen
    method, url, error=e, _pool=self, _stacktrace=sys.exc_info()[2]
  File "/home/airflow/.local/lib/python3.6/site-packages/urllib3/util/retry.py", line 446, in increment
    raise MaxRetryError(_pool, url, error or ResponseError(cause))
urllib3.exceptions.MaxRetryError: HTTPConnectionPool(host='db_server', port=4000): Max retries exceeded with url: /add_all_news (Caused by NewConnectionError('<urllib3.connection.HTTPConnection object at 0x7fffb0268780>: Failed to establish a new connection: [Errno -2] Name or service not known',))

During handling of the above exception, another exception occurred:

Traceback (most recent call last):
  File "/home/airflow/.local/lib/python3.6/site-packages/airflow/models/taskinstance.py", line 1112, in _run_raw_task
    self._prepare_and_execute_task_with_callbacks(context, task)
  File "/home/airflow/.local/lib/python3.6/site-packages/airflow/models/taskinstance.py", line 1285, in _prepare_and_execute_task_with_callbacks
    result = self._execute_task(context, task_copy)
  File "/home/airflow/.local/lib/python3.6/site-packages/airflow/models/taskinstance.py", line 1315, in _execute_task
    result = task_copy.execute(context=context)
  File "/home/airflow/.local/lib/python3.6/site-packages/airflow/operators/python.py", line 117, in execute
    return_value = self.execute_callable()
  File "/home/airflow/.local/lib/python3.6/site-packages/airflow/operators/python.py", line 128, in execute_callable
    return self.python_callable(*self.op_args, **self.op_kwargs)
  File "/opt/airflow/dags/get_new_data.py", line 43, in save_into_db
    requests.post('http://db_server:4000/add_all_news', data={'data': transformed_data})
  File "/home/airflow/.local/lib/python3.6/site-packages/requests/api.py", line 119, in post
    return request('post', url, data=data, json=json, **kwargs)
  File "/home/airflow/.local/lib/python3.6/site-packages/requests/api.py", line 61, in request
    return session.request(method=method, url=url, **kwargs)
  File "/home/airflow/.local/lib/python3.6/site-packages/requests/sessions.py", line 542, in request
    resp = self.send(prep, **send_kwargs)
  File "/home/airflow/.local/lib/python3.6/site-packages/requests/sessions.py", line 655, in send
    r = adapter.send(request, **kwargs)
  File "/home/airflow/.local/lib/python3.6/site-packages/requests/adapters.py", line 516, in send
    raise ConnectionError(e, request=request)
requests.exceptions.ConnectionError: HTTPConnectionPool(host='db_server', port=4000): Max retries exceeded with url: /add_all_news (Caused by NewConnectionError('<urllib3.connection.HTTPConnection object at 0x7fffb0268780>: Failed to establish a new connection: [Errno -2] Name or service not known',))
[2024-05-26 17:40:42,030] {taskinstance.py:1503} INFO - Marking task as UP_FOR_RETRY. dag_id=get_new_data, task_id=save_into_db, execution_date=20240525T000000, start_date=20240526T174041, end_date=20240526T174042
[2024-05-26 17:40:42,076] {local_task_job.py:146} INFO - Task exited with return code 1
[2024-05-26 17:50:49,060] {taskinstance.py:851} INFO - Dependencies all met for <TaskInstance: get_new_data.save_into_db 2024-05-25T00:00:00+00:00 [queued]>
[2024-05-26 17:50:49,073] {taskinstance.py:851} INFO - Dependencies all met for <TaskInstance: get_new_data.save_into_db 2024-05-25T00:00:00+00:00 [queued]>
[2024-05-26 17:50:49,073] {taskinstance.py:1042} INFO - 
--------------------------------------------------------------------------------
[2024-05-26 17:50:49,073] {taskinstance.py:1043} INFO - Starting attempt 1 of 6
[2024-05-26 17:50:49,073] {taskinstance.py:1044} INFO - 
--------------------------------------------------------------------------------
[2024-05-26 17:50:49,083] {taskinstance.py:1063} INFO - Executing <Task(PythonOperator): save_into_db> on 2024-05-25T00:00:00+00:00
[2024-05-26 17:50:49,085] {standard_task_runner.py:52} INFO - Started process 227 to run task
[2024-05-26 17:50:49,088] {standard_task_runner.py:76} INFO - Running: ['airflow', 'tasks', 'run', 'get_new_data', 'save_into_db', '2024-05-25T00:00:00+00:00', '--job-id', '336', '--pool', 'default_pool', '--raw', '--subdir', 'DAGS_FOLDER/get_new_data.py', '--cfg-path', '/tmp/tmpr0ppob_s', '--error-file', '/tmp/tmpq4_dje3t']
[2024-05-26 17:50:49,091] {standard_task_runner.py:77} INFO - Job 336: Subtask save_into_db
[2024-05-26 17:50:49,118] {logging_mixin.py:104} INFO - Running <TaskInstance: get_new_data.save_into_db 2024-05-25T00:00:00+00:00 [running]> on host 6a7718113559
[2024-05-26 17:50:49,154] {taskinstance.py:1257} INFO - Exporting the following env vars:
AIRFLOW_CTX_DAG_OWNER=airflow
AIRFLOW_CTX_DAG_ID=get_new_data
AIRFLOW_CTX_TASK_ID=save_into_db
AIRFLOW_CTX_EXECUTION_DATE=2024-05-25T00:00:00+00:00
AIRFLOW_CTX_DAG_RUN_ID=scheduled__2024-05-25T00:00:00+00:00
[2024-05-26 17:50:49,179] {python.py:118} INFO - Done. Returned value was: None
[2024-05-26 17:50:49,186] {taskinstance.py:1166} INFO - Marking task as SUCCESS. dag_id=get_new_data, task_id=save_into_db, execution_date=20240525T000000, start_date=20240526T175049, end_date=20240526T175049
[2024-05-26 17:50:49,203] {taskinstance.py:1220} INFO - 0 downstream tasks scheduled from follow-on schedule check
[2024-05-26 17:50:49,227] {local_task_job.py:146} INFO - Task exited with return code 0
[2024-05-26 18:36:24,255] {taskinstance.py:851} INFO - Dependencies all met for <TaskInstance: get_new_data.save_into_db 2024-05-25T00:00:00+00:00 [queued]>
[2024-05-26 18:36:24,268] {taskinstance.py:851} INFO - Dependencies all met for <TaskInstance: get_new_data.save_into_db 2024-05-25T00:00:00+00:00 [queued]>
[2024-05-26 18:36:24,268] {taskinstance.py:1042} INFO - 
--------------------------------------------------------------------------------
[2024-05-26 18:36:24,268] {taskinstance.py:1043} INFO - Starting attempt 1 of 6
[2024-05-26 18:36:24,268] {taskinstance.py:1044} INFO - 
--------------------------------------------------------------------------------
[2024-05-26 18:36:24,276] {taskinstance.py:1063} INFO - Executing <Task(PythonOperator): save_into_db> on 2024-05-25T00:00:00+00:00
[2024-05-26 18:36:24,279] {standard_task_runner.py:52} INFO - Started process 202 to run task
[2024-05-26 18:36:24,282] {standard_task_runner.py:76} INFO - Running: ['airflow', 'tasks', 'run', 'get_new_data', 'save_into_db', '2024-05-25T00:00:00+00:00', '--job-id', '352', '--pool', 'default_pool', '--raw', '--subdir', 'DAGS_FOLDER/get_new_data.py', '--cfg-path', '/tmp/tmp6hzbx1cy', '--error-file', '/tmp/tmpztiwiinf']
[2024-05-26 18:36:24,285] {standard_task_runner.py:77} INFO - Job 352: Subtask save_into_db
[2024-05-26 18:36:24,316] {logging_mixin.py:104} INFO - Running <TaskInstance: get_new_data.save_into_db 2024-05-25T00:00:00+00:00 [running]> on host 6a7718113559
[2024-05-26 18:36:24,348] {taskinstance.py:1257} INFO - Exporting the following env vars:
AIRFLOW_CTX_DAG_OWNER=airflow
AIRFLOW_CTX_DAG_ID=get_new_data
AIRFLOW_CTX_TASK_ID=save_into_db
AIRFLOW_CTX_EXECUTION_DATE=2024-05-25T00:00:00+00:00
AIRFLOW_CTX_DAG_RUN_ID=scheduled__2024-05-25T00:00:00+00:00
[2024-05-26 18:36:24,374] {python.py:118} INFO - Done. Returned value was: None
[2024-05-26 18:36:24,381] {taskinstance.py:1166} INFO - Marking task as SUCCESS. dag_id=get_new_data, task_id=save_into_db, execution_date=20240525T000000, start_date=20240526T183624, end_date=20240526T183624
[2024-05-26 18:36:24,401] {taskinstance.py:1220} INFO - 0 downstream tasks scheduled from follow-on schedule check
[2024-05-26 18:36:24,424] {local_task_job.py:146} INFO - Task exited with return code 0
[2024-05-26 18:53:27,625] {taskinstance.py:851} INFO - Dependencies all met for <TaskInstance: get_new_data.save_into_db 2024-05-25T00:00:00+00:00 [queued]>
[2024-05-26 18:53:27,631] {taskinstance.py:851} INFO - Dependencies all met for <TaskInstance: get_new_data.save_into_db 2024-05-25T00:00:00+00:00 [queued]>
[2024-05-26 18:53:27,632] {taskinstance.py:1042} INFO - 
--------------------------------------------------------------------------------
[2024-05-26 18:53:27,632] {taskinstance.py:1043} INFO - Starting attempt 1 of 6
[2024-05-26 18:53:27,632] {taskinstance.py:1044} INFO - 
--------------------------------------------------------------------------------
[2024-05-26 18:53:27,640] {taskinstance.py:1063} INFO - Executing <Task(PythonOperator): save_into_db> on 2024-05-25T00:00:00+00:00
[2024-05-26 18:53:27,643] {standard_task_runner.py:52} INFO - Started process 196 to run task
[2024-05-26 18:53:27,646] {standard_task_runner.py:76} INFO - Running: ['airflow', 'tasks', 'run', 'get_new_data', 'save_into_db', '2024-05-25T00:00:00+00:00', '--job-id', '357', '--pool', 'default_pool', '--raw', '--subdir', 'DAGS_FOLDER/get_new_data.py', '--cfg-path', '/tmp/tmp4_ci0m4r', '--error-file', '/tmp/tmpd_ki4js5']
[2024-05-26 18:53:27,648] {standard_task_runner.py:77} INFO - Job 357: Subtask save_into_db
[2024-05-26 18:53:27,676] {logging_mixin.py:104} INFO - Running <TaskInstance: get_new_data.save_into_db 2024-05-25T00:00:00+00:00 [running]> on host 6a7718113559
[2024-05-26 18:53:27,702] {taskinstance.py:1257} INFO - Exporting the following env vars:
AIRFLOW_CTX_DAG_OWNER=airflow
AIRFLOW_CTX_DAG_ID=get_new_data
AIRFLOW_CTX_TASK_ID=save_into_db
AIRFLOW_CTX_EXECUTION_DATE=2024-05-25T00:00:00+00:00
AIRFLOW_CTX_DAG_RUN_ID=scheduled__2024-05-25T00:00:00+00:00
[2024-05-26 18:53:27,724] {python.py:118} INFO - Done. Returned value was: None
[2024-05-26 18:53:27,730] {taskinstance.py:1166} INFO - Marking task as SUCCESS. dag_id=get_new_data, task_id=save_into_db, execution_date=20240525T000000, start_date=20240526T185327, end_date=20240526T185327
[2024-05-26 18:53:27,745] {taskinstance.py:1220} INFO - 0 downstream tasks scheduled from follow-on schedule check
[2024-05-26 18:53:27,791] {local_task_job.py:146} INFO - Task exited with return code 0
[2024-05-26 19:02:00,386] {taskinstance.py:851} INFO - Dependencies all met for <TaskInstance: get_new_data.save_into_db 2024-05-25T00:00:00+00:00 [queued]>
[2024-05-26 19:02:00,394] {taskinstance.py:851} INFO - Dependencies all met for <TaskInstance: get_new_data.save_into_db 2024-05-25T00:00:00+00:00 [queued]>
[2024-05-26 19:02:00,395] {taskinstance.py:1042} INFO - 
--------------------------------------------------------------------------------
[2024-05-26 19:02:00,395] {taskinstance.py:1043} INFO - Starting attempt 1 of 6
[2024-05-26 19:02:00,395] {taskinstance.py:1044} INFO - 
--------------------------------------------------------------------------------
[2024-05-26 19:02:00,404] {taskinstance.py:1063} INFO - Executing <Task(PythonOperator): save_into_db> on 2024-05-25T00:00:00+00:00
[2024-05-26 19:02:00,408] {standard_task_runner.py:52} INFO - Started process 212 to run task
[2024-05-26 19:02:00,411] {standard_task_runner.py:76} INFO - Running: ['airflow', 'tasks', 'run', 'get_new_data', 'save_into_db', '2024-05-25T00:00:00+00:00', '--job-id', '362', '--pool', 'default_pool', '--raw', '--subdir', 'DAGS_FOLDER/get_new_data.py', '--cfg-path', '/tmp/tmpb2a32n4f', '--error-file', '/tmp/tmp5u9s23as']
[2024-05-26 19:02:00,414] {standard_task_runner.py:77} INFO - Job 362: Subtask save_into_db
[2024-05-26 19:02:00,447] {logging_mixin.py:104} INFO - Running <TaskInstance: get_new_data.save_into_db 2024-05-25T00:00:00+00:00 [running]> on host 6a7718113559
[2024-05-26 19:02:00,476] {taskinstance.py:1257} INFO - Exporting the following env vars:
AIRFLOW_CTX_DAG_OWNER=airflow
AIRFLOW_CTX_DAG_ID=get_new_data
AIRFLOW_CTX_TASK_ID=save_into_db
AIRFLOW_CTX_EXECUTION_DATE=2024-05-25T00:00:00+00:00
AIRFLOW_CTX_DAG_RUN_ID=scheduled__2024-05-25T00:00:00+00:00
[2024-05-26 19:02:00,543] {python.py:118} INFO - Done. Returned value was: None
[2024-05-26 19:02:00,550] {taskinstance.py:1166} INFO - Marking task as SUCCESS. dag_id=get_new_data, task_id=save_into_db, execution_date=20240525T000000, start_date=20240526T190200, end_date=20240526T190200
[2024-05-26 19:02:00,568] {taskinstance.py:1220} INFO - 0 downstream tasks scheduled from follow-on schedule check
[2024-05-26 19:02:00,597] {local_task_job.py:146} INFO - Task exited with return code 0
[2024-05-26 21:01:11,819] {taskinstance.py:851} INFO - Dependencies all met for <TaskInstance: get_new_data.save_into_db 2024-05-25T00:00:00+00:00 [queued]>
[2024-05-26 21:01:11,830] {taskinstance.py:851} INFO - Dependencies all met for <TaskInstance: get_new_data.save_into_db 2024-05-25T00:00:00+00:00 [queued]>
[2024-05-26 21:01:11,830] {taskinstance.py:1042} INFO - 
--------------------------------------------------------------------------------
[2024-05-26 21:01:11,830] {taskinstance.py:1043} INFO - Starting attempt 1 of 6
[2024-05-26 21:01:11,830] {taskinstance.py:1044} INFO - 
--------------------------------------------------------------------------------
[2024-05-26 21:01:11,836] {taskinstance.py:1063} INFO - Executing <Task(PythonOperator): save_into_db> on 2024-05-25T00:00:00+00:00
[2024-05-26 21:01:11,841] {standard_task_runner.py:52} INFO - Started process 201 to run task
[2024-05-26 21:01:11,844] {standard_task_runner.py:76} INFO - Running: ['airflow', 'tasks', 'run', 'get_new_data', 'save_into_db', '2024-05-25T00:00:00+00:00', '--job-id', '382', '--pool', 'default_pool', '--raw', '--subdir', 'DAGS_FOLDER/get_new_data.py', '--cfg-path', '/tmp/tmp8i0_nmmu', '--error-file', '/tmp/tmpgscx3j9i']
[2024-05-26 21:01:11,846] {standard_task_runner.py:77} INFO - Job 382: Subtask save_into_db
[2024-05-26 21:01:11,873] {logging_mixin.py:104} INFO - Running <TaskInstance: get_new_data.save_into_db 2024-05-25T00:00:00+00:00 [running]> on host ff5273ee61d8
[2024-05-26 21:01:11,898] {taskinstance.py:1257} INFO - Exporting the following env vars:
AIRFLOW_CTX_DAG_OWNER=airflow
AIRFLOW_CTX_DAG_ID=get_new_data
AIRFLOW_CTX_TASK_ID=save_into_db
AIRFLOW_CTX_EXECUTION_DATE=2024-05-25T00:00:00+00:00
AIRFLOW_CTX_DAG_RUN_ID=scheduled__2024-05-25T00:00:00+00:00
[2024-05-26 21:01:11,904] {taskinstance.py:1455} ERROR - unsupported operand type(s) for +: 'NoneType' and 'str'
Traceback (most recent call last):
  File "/home/airflow/.local/lib/python3.6/site-packages/airflow/models/taskinstance.py", line 1112, in _run_raw_task
    self._prepare_and_execute_task_with_callbacks(context, task)
  File "/home/airflow/.local/lib/python3.6/site-packages/airflow/models/taskinstance.py", line 1285, in _prepare_and_execute_task_with_callbacks
    result = self._execute_task(context, task_copy)
  File "/home/airflow/.local/lib/python3.6/site-packages/airflow/models/taskinstance.py", line 1315, in _execute_task
    result = task_copy.execute(context=context)
  File "/home/airflow/.local/lib/python3.6/site-packages/airflow/operators/python.py", line 117, in execute
    return_value = self.execute_callable()
  File "/home/airflow/.local/lib/python3.6/site-packages/airflow/operators/python.py", line 128, in execute_callable
    return self.python_callable(*self.op_args, **self.op_kwargs)
  File "/opt/airflow/dags/get_new_data.py", line 47, in save_into_db
    requests.post(db_server_endpoint + '/add_all_news', json={'data': transformed_data})
TypeError: unsupported operand type(s) for +: 'NoneType' and 'str'
[2024-05-26 21:01:11,908] {taskinstance.py:1503} INFO - Marking task as UP_FOR_RETRY. dag_id=get_new_data, task_id=save_into_db, execution_date=20240525T000000, start_date=20240526T210111, end_date=20240526T210111
[2024-05-26 21:01:11,942] {local_task_job.py:146} INFO - Task exited with return code 1
[2024-05-26 21:06:33,869] {taskinstance.py:851} INFO - Dependencies all met for <TaskInstance: get_new_data.save_into_db 2024-05-25T00:00:00+00:00 [queued]>
[2024-05-26 21:06:33,879] {taskinstance.py:851} INFO - Dependencies all met for <TaskInstance: get_new_data.save_into_db 2024-05-25T00:00:00+00:00 [queued]>
[2024-05-26 21:06:33,879] {taskinstance.py:1042} INFO - 
--------------------------------------------------------------------------------
[2024-05-26 21:06:33,879] {taskinstance.py:1043} INFO - Starting attempt 1 of 6
[2024-05-26 21:06:33,880] {taskinstance.py:1044} INFO - 
--------------------------------------------------------------------------------
[2024-05-26 21:06:33,885] {taskinstance.py:1063} INFO - Executing <Task(PythonOperator): save_into_db> on 2024-05-25T00:00:00+00:00
[2024-05-26 21:06:33,888] {standard_task_runner.py:52} INFO - Started process 197 to run task
[2024-05-26 21:06:33,891] {standard_task_runner.py:76} INFO - Running: ['airflow', 'tasks', 'run', 'get_new_data', 'save_into_db', '2024-05-25T00:00:00+00:00', '--job-id', '387', '--pool', 'default_pool', '--raw', '--subdir', 'DAGS_FOLDER/get_new_data.py', '--cfg-path', '/tmp/tmpclp7k4u7', '--error-file', '/tmp/tmpt9kw8to4']
[2024-05-26 21:06:33,893] {standard_task_runner.py:77} INFO - Job 387: Subtask save_into_db
[2024-05-26 21:06:33,919] {logging_mixin.py:104} INFO - Running <TaskInstance: get_new_data.save_into_db 2024-05-25T00:00:00+00:00 [running]> on host ff5273ee61d8
[2024-05-26 21:06:33,944] {taskinstance.py:1257} INFO - Exporting the following env vars:
AIRFLOW_CTX_DAG_OWNER=airflow
AIRFLOW_CTX_DAG_ID=get_new_data
AIRFLOW_CTX_TASK_ID=save_into_db
AIRFLOW_CTX_EXECUTION_DATE=2024-05-25T00:00:00+00:00
AIRFLOW_CTX_DAG_RUN_ID=scheduled__2024-05-25T00:00:00+00:00
[2024-05-26 21:06:34,084] {python.py:118} INFO - Done. Returned value was: None
[2024-05-26 21:06:34,091] {taskinstance.py:1166} INFO - Marking task as SUCCESS. dag_id=get_new_data, task_id=save_into_db, execution_date=20240525T000000, start_date=20240526T210633, end_date=20240526T210634
[2024-05-26 21:06:34,108] {taskinstance.py:1220} INFO - 0 downstream tasks scheduled from follow-on schedule check
[2024-05-26 21:06:34,117] {local_task_job.py:146} INFO - Task exited with return code 0
