[2024-05-26 17:42:43,206] {taskinstance.py:851} INFO - Dependencies all met for <TaskInstance: get_new_data.save_into_db 2024-05-25T00:00:00+00:00 [queued]>
[2024-05-26 17:42:43,217] {taskinstance.py:851} INFO - Dependencies all met for <TaskInstance: get_new_data.save_into_db 2024-05-25T00:00:00+00:00 [queued]>
[2024-05-26 17:42:43,217] {taskinstance.py:1042} INFO - 
--------------------------------------------------------------------------------
[2024-05-26 17:42:43,217] {taskinstance.py:1043} INFO - Starting attempt 2 of 6
[2024-05-26 17:42:43,217] {taskinstance.py:1044} INFO - 
--------------------------------------------------------------------------------
[2024-05-26 17:42:43,223] {taskinstance.py:1063} INFO - Executing <Task(PythonOperator): save_into_db> on 2024-05-25T00:00:00+00:00
[2024-05-26 17:42:43,228] {standard_task_runner.py:52} INFO - Started process 259 to run task
[2024-05-26 17:42:43,232] {standard_task_runner.py:76} INFO - Running: ['airflow', 'tasks', 'run', 'get_new_data', 'save_into_db', '2024-05-25T00:00:00+00:00', '--job-id', '330', '--pool', 'default_pool', '--raw', '--subdir', 'DAGS_FOLDER/get_new_data.py', '--cfg-path', '/tmp/tmplgxynpe3', '--error-file', '/tmp/tmpkrn0uzou']
[2024-05-26 17:42:43,235] {standard_task_runner.py:77} INFO - Job 330: Subtask save_into_db
[2024-05-26 17:42:43,270] {logging_mixin.py:104} INFO - Running <TaskInstance: get_new_data.save_into_db 2024-05-25T00:00:00+00:00 [running]> on host 6a7718113559
[2024-05-26 17:42:43,299] {taskinstance.py:1257} INFO - Exporting the following env vars:
AIRFLOW_CTX_DAG_OWNER=airflow
AIRFLOW_CTX_DAG_ID=get_new_data
AIRFLOW_CTX_TASK_ID=save_into_db
AIRFLOW_CTX_EXECUTION_DATE=2024-05-25T00:00:00+00:00
AIRFLOW_CTX_DAG_RUN_ID=scheduled__2024-05-25T00:00:00+00:00
[2024-05-26 17:42:43,336] {taskinstance.py:1455} ERROR - HTTPConnectionPool(host='db_server', port=4000): Max retries exceeded with url: /add_all_news (Caused by NewConnectionError('<urllib3.connection.HTTPConnection object at 0x7fffb0268588>: Failed to establish a new connection: [Errno -2] Name or service not known',))
Traceback (most recent call last):
  File "/home/airflow/.local/lib/python3.6/site-packages/urllib3/connection.py", line 160, in _new_conn
    (self._dns_host, self.port), self.timeout, **extra_kw
  File "/home/airflow/.local/lib/python3.6/site-packages/urllib3/util/connection.py", line 61, in create_connection
    for res in socket.getaddrinfo(host, port, family, socket.SOCK_STREAM):
  File "/usr/local/lib/python3.6/socket.py", line 745, in getaddrinfo
    for res in _socket.getaddrinfo(host, port, family, type, proto, flags):
socket.gaierror: [Errno -2] Name or service not known

During handling of the above exception, another exception occurred:

Traceback (most recent call last):
  File "/home/airflow/.local/lib/python3.6/site-packages/urllib3/connectionpool.py", line 677, in urlopen
    chunked=chunked,
  File "/home/airflow/.local/lib/python3.6/site-packages/urllib3/connectionpool.py", line 392, in _make_request
    conn.request(method, url, **httplib_request_kw)
  File "/usr/local/lib/python3.6/http/client.py", line 1291, in request
    self._send_request(method, url, body, headers, encode_chunked)
  File "/usr/local/lib/python3.6/http/client.py", line 1337, in _send_request
    self.endheaders(body, encode_chunked=encode_chunked)
  File "/usr/local/lib/python3.6/http/client.py", line 1286, in endheaders
    self._send_output(message_body, encode_chunked=encode_chunked)
  File "/usr/local/lib/python3.6/http/client.py", line 1046, in _send_output
    self.send(msg)
  File "/usr/local/lib/python3.6/http/client.py", line 984, in send
    self.connect()
  File "/home/airflow/.local/lib/python3.6/site-packages/urllib3/connection.py", line 187, in connect
    conn = self._new_conn()
  File "/home/airflow/.local/lib/python3.6/site-packages/urllib3/connection.py", line 172, in _new_conn
    self, "Failed to establish a new connection: %s" % e
urllib3.exceptions.NewConnectionError: <urllib3.connection.HTTPConnection object at 0x7fffb0268588>: Failed to establish a new connection: [Errno -2] Name or service not known

During handling of the above exception, another exception occurred:

Traceback (most recent call last):
  File "/home/airflow/.local/lib/python3.6/site-packages/requests/adapters.py", line 449, in send
    timeout=timeout
  File "/home/airflow/.local/lib/python3.6/site-packages/urllib3/connectionpool.py", line 727, in urlopen
    method, url, error=e, _pool=self, _stacktrace=sys.exc_info()[2]
  File "/home/airflow/.local/lib/python3.6/site-packages/urllib3/util/retry.py", line 446, in increment
    raise MaxRetryError(_pool, url, error or ResponseError(cause))
urllib3.exceptions.MaxRetryError: HTTPConnectionPool(host='db_server', port=4000): Max retries exceeded with url: /add_all_news (Caused by NewConnectionError('<urllib3.connection.HTTPConnection object at 0x7fffb0268588>: Failed to establish a new connection: [Errno -2] Name or service not known',))

During handling of the above exception, another exception occurred:

Traceback (most recent call last):
  File "/home/airflow/.local/lib/python3.6/site-packages/airflow/models/taskinstance.py", line 1112, in _run_raw_task
    self._prepare_and_execute_task_with_callbacks(context, task)
  File "/home/airflow/.local/lib/python3.6/site-packages/airflow/models/taskinstance.py", line 1285, in _prepare_and_execute_task_with_callbacks
    result = self._execute_task(context, task_copy)
  File "/home/airflow/.local/lib/python3.6/site-packages/airflow/models/taskinstance.py", line 1315, in _execute_task
    result = task_copy.execute(context=context)
  File "/home/airflow/.local/lib/python3.6/site-packages/airflow/operators/python.py", line 117, in execute
    return_value = self.execute_callable()
  File "/home/airflow/.local/lib/python3.6/site-packages/airflow/operators/python.py", line 128, in execute_callable
    return self.python_callable(*self.op_args, **self.op_kwargs)
  File "/opt/airflow/dags/get_new_data.py", line 43, in save_into_db
    requests.post('http://db_server:4000/add_all_news', data={'data': transformed_data})
  File "/home/airflow/.local/lib/python3.6/site-packages/requests/api.py", line 119, in post
    return request('post', url, data=data, json=json, **kwargs)
  File "/home/airflow/.local/lib/python3.6/site-packages/requests/api.py", line 61, in request
    return session.request(method=method, url=url, **kwargs)
  File "/home/airflow/.local/lib/python3.6/site-packages/requests/sessions.py", line 542, in request
    resp = self.send(prep, **send_kwargs)
  File "/home/airflow/.local/lib/python3.6/site-packages/requests/sessions.py", line 655, in send
    r = adapter.send(request, **kwargs)
  File "/home/airflow/.local/lib/python3.6/site-packages/requests/adapters.py", line 516, in send
    raise ConnectionError(e, request=request)
requests.exceptions.ConnectionError: HTTPConnectionPool(host='db_server', port=4000): Max retries exceeded with url: /add_all_news (Caused by NewConnectionError('<urllib3.connection.HTTPConnection object at 0x7fffb0268588>: Failed to establish a new connection: [Errno -2] Name or service not known',))
[2024-05-26 17:42:43,343] {taskinstance.py:1503} INFO - Marking task as UP_FOR_RETRY. dag_id=get_new_data, task_id=save_into_db, execution_date=20240525T000000, start_date=20240526T174243, end_date=20240526T174243
[2024-05-26 17:42:43,372] {local_task_job.py:146} INFO - Task exited with return code 1
[2024-05-26 21:03:13,199] {taskinstance.py:851} INFO - Dependencies all met for <TaskInstance: get_new_data.save_into_db 2024-05-25T00:00:00+00:00 [queued]>
[2024-05-26 21:03:13,214] {taskinstance.py:851} INFO - Dependencies all met for <TaskInstance: get_new_data.save_into_db 2024-05-25T00:00:00+00:00 [queued]>
[2024-05-26 21:03:13,215] {taskinstance.py:1042} INFO - 
--------------------------------------------------------------------------------
[2024-05-26 21:03:13,215] {taskinstance.py:1043} INFO - Starting attempt 2 of 6
[2024-05-26 21:03:13,215] {taskinstance.py:1044} INFO - 
--------------------------------------------------------------------------------
[2024-05-26 21:03:13,223] {taskinstance.py:1063} INFO - Executing <Task(PythonOperator): save_into_db> on 2024-05-25T00:00:00+00:00
[2024-05-26 21:03:13,229] {standard_task_runner.py:52} INFO - Started process 223 to run task
[2024-05-26 21:03:13,234] {standard_task_runner.py:76} INFO - Running: ['airflow', 'tasks', 'run', 'get_new_data', 'save_into_db', '2024-05-25T00:00:00+00:00', '--job-id', '383', '--pool', 'default_pool', '--raw', '--subdir', 'DAGS_FOLDER/get_new_data.py', '--cfg-path', '/tmp/tmp4ed362o6', '--error-file', '/tmp/tmpvf0g578p']
[2024-05-26 21:03:13,237] {standard_task_runner.py:77} INFO - Job 383: Subtask save_into_db
[2024-05-26 21:03:13,276] {logging_mixin.py:104} INFO - Running <TaskInstance: get_new_data.save_into_db 2024-05-25T00:00:00+00:00 [running]> on host ff5273ee61d8
[2024-05-26 21:03:13,320] {taskinstance.py:1257} INFO - Exporting the following env vars:
AIRFLOW_CTX_DAG_OWNER=airflow
AIRFLOW_CTX_DAG_ID=get_new_data
AIRFLOW_CTX_TASK_ID=save_into_db
AIRFLOW_CTX_EXECUTION_DATE=2024-05-25T00:00:00+00:00
AIRFLOW_CTX_DAG_RUN_ID=scheduled__2024-05-25T00:00:00+00:00
[2024-05-26 21:03:13,332] {taskinstance.py:1455} ERROR - unsupported operand type(s) for +: 'NoneType' and 'str'
Traceback (most recent call last):
  File "/home/airflow/.local/lib/python3.6/site-packages/airflow/models/taskinstance.py", line 1112, in _run_raw_task
    self._prepare_and_execute_task_with_callbacks(context, task)
  File "/home/airflow/.local/lib/python3.6/site-packages/airflow/models/taskinstance.py", line 1285, in _prepare_and_execute_task_with_callbacks
    result = self._execute_task(context, task_copy)
  File "/home/airflow/.local/lib/python3.6/site-packages/airflow/models/taskinstance.py", line 1315, in _execute_task
    result = task_copy.execute(context=context)
  File "/home/airflow/.local/lib/python3.6/site-packages/airflow/operators/python.py", line 117, in execute
    return_value = self.execute_callable()
  File "/home/airflow/.local/lib/python3.6/site-packages/airflow/operators/python.py", line 128, in execute_callable
    return self.python_callable(*self.op_args, **self.op_kwargs)
  File "/opt/airflow/dags/get_new_data.py", line 47, in save_into_db
    requests.post(db_server_endpoint + '/add_all_news', json={'data': transformed_data})
TypeError: unsupported operand type(s) for +: 'NoneType' and 'str'
[2024-05-26 21:03:13,337] {taskinstance.py:1503} INFO - Marking task as UP_FOR_RETRY. dag_id=get_new_data, task_id=save_into_db, execution_date=20240525T000000, start_date=20240526T210313, end_date=20240526T210313
[2024-05-26 21:03:13,377] {local_task_job.py:146} INFO - Task exited with return code 1
